2024-02-03 21:09:30 - training_logger - INFO - 
       arg_name                   value       source  state
      acc_steps                       1   model.json   USED
     batch_size                      16   model.json   USED
    config_file                   model default.json   USED
    data_folder /home/user/data/air2018 default.json   USED
       dim_feed                      64   model.json   USED
     drop_limit                     0.5 default.json   USED
      dym_graph                    True   model.json   USED
         epochs                      50   model.json   USED
        hid_dim                      64   model.json   USED
     hid_layers                       2   model.json   USED
          k_top                       6   model.json   USED
          label                    pm25   model.json   USED
             lr                   0.001 default.json   USED
     mask_ratio                    0.25 default.json   USED
       max_step                       4   model.json   USED
        mm_size                       0   model.json   USED
          nhead                       1   model.json   USED
     non_linear                    gelu   model.json   USED
    num_workers                       4   model.json   USED
prefetch_factor                       2   model.json   USED
    ring_layers                       3   model.json   USED
    s_embed_dim                       2   model.json FORCED
      skip_step                       1 default.json   USED
       st_embed                  simple   model.json   USED
 step_embed_dim                       6   model.json   USED
    t_embed_dim                       8   model.json   USED
 time_embed_dim                       8   model.json   USED
        w_decay                 0.00001 default.json   USED
  weight_layers                       3   model.json   USED
     which_data                   large   model.json   USED
         window                       6 default.json   USED
  wth_embed_dim                      16   model.json   USED
2024-02-03 21:09:30 - training_logger - INFO - Device num: 1
2024-02-03 21:09:30 - training_logger - INFO - Device: cuda
2024-02-03 21:09:45 - training_logger - INFO - Starting the training process...
2024-02-03 21:09:45 - training_logger - INFO - Epoch 0.
2024-02-03 21:16:24 - training_logger - INFO - 
Train loss
    main     mask  non_mask         curl
0.328585 0.327432  0.332043 41943.094163
2024-02-03 21:16:24 - training_logger - INFO - Epoch 1.
2024-02-03 21:23:07 - training_logger - INFO - 
Train loss
    main     mask  non_mask         curl
0.270344 0.270175  0.270852 32280.467289
2024-02-03 21:23:07 - training_logger - INFO - Epoch 2.
2024-02-03 21:29:57 - training_logger - INFO - 
Train loss
    main    mask  non_mask         curl
0.269147 0.26947  0.268175 27868.883433
2024-02-03 21:29:57 - training_logger - INFO - Epoch 3.
2024-02-03 21:36:40 - training_logger - INFO - 
Train loss
    main     mask  non_mask         curl
0.268633 0.269007   0.26751 24217.518747
2024-02-03 21:36:40 - training_logger - INFO - Epoch 4.
2024-02-03 21:43:26 - training_logger - INFO - 
Train loss
    main     mask  non_mask        curl
0.267788 0.268153  0.266694 21440.79438
2024-02-03 21:43:26 - training_logger - INFO - Epoch 5.
2024-02-03 21:50:09 - training_logger - INFO - 
Train loss
    main     mask  non_mask        curl
0.266874 0.266956  0.266629 19364.02765
2024-02-03 21:50:09 - training_logger - INFO - Epoch 6.
2024-02-03 21:56:52 - training_logger - INFO - 
Train loss
    main     mask  non_mask         curl
0.263157 0.261537  0.268017 17872.669608
2024-02-03 21:56:52 - training_logger - INFO - Epoch 7.
2024-02-03 22:03:40 - training_logger - INFO - 
Train loss
   main     mask  non_mask         curl
0.26311 0.261764  0.267146 16763.688505
2024-02-03 22:03:40 - training_logger - INFO - Epoch 8.
2024-02-03 22:10:33 - training_logger - INFO - 
Train loss
    main     mask  non_mask         curl
0.264296 0.263815  0.265738 15727.276114
2024-02-03 22:10:33 - training_logger - INFO - Epoch 9.
2024-02-03 22:17:14 - training_logger - INFO - 
Train loss
    main     mask  non_mask         curl
0.265725 0.266032  0.264805 14622.524243
2024-02-03 22:17:14 - training_logger - INFO - Epoch 10.
2024-02-03 22:23:52 - training_logger - INFO - 
Train loss
    main     mask  non_mask         curl
0.263659 0.262938  0.265824 13735.820035
2024-02-03 22:23:52 - training_logger - INFO - Epoch 11.
2024-02-03 22:30:35 - training_logger - INFO - 
Train loss
    main     mask  non_mask         curl
0.265331 0.265683  0.264273 13006.049274
2024-02-03 22:30:35 - training_logger - INFO - Epoch 12.
2024-02-03 22:37:14 - training_logger - INFO - 
Train loss
    main     mask  non_mask         curl
0.264275 0.264137  0.264687 12315.121033
2024-02-03 22:37:14 - training_logger - INFO - Epoch 13.
2024-02-03 22:43:55 - training_logger - INFO - 
Train loss
    main     mask  non_mask         curl
0.263948 0.263979  0.263853 11377.024496
2024-02-03 22:43:55 - training_logger - INFO - Epoch 14.
2024-02-03 22:50:38 - training_logger - INFO - 
Train loss
    main     mask  non_mask         curl
0.264754 0.265395  0.262834 10829.614112
2024-02-03 22:50:38 - training_logger - INFO - Epoch 15.
2024-02-03 22:57:24 - training_logger - INFO - 
Train loss
    main     mask  non_mask         curl
0.261523 0.260991   0.26312 10172.220543
2024-02-03 22:57:24 - training_logger - INFO - Epoch 16.
2024-02-03 23:04:07 - training_logger - INFO - 
Train loss
    main     mask  non_mask       curl
0.261142 0.260983  0.261619 9958.17134
2024-02-03 23:04:07 - training_logger - INFO - Epoch 17.
2024-02-03 23:11:13 - training_logger - INFO - 
Train loss
    main    mask  non_mask         curl
0.260198 0.26022  0.260134 10005.307122
2024-02-03 23:11:13 - training_logger - INFO - Epoch 18.
2024-02-03 23:17:57 - training_logger - INFO - 
Train loss
    main     mask  non_mask         curl
0.258677 0.258613  0.258869 10030.414793
2024-02-03 23:17:57 - training_logger - INFO - Epoch 19.
2024-02-03 23:24:35 - training_logger - INFO - 
Train loss
    main     mask  non_mask        curl
0.257717 0.257633  0.257966 9792.134883
2024-02-03 23:24:35 - training_logger - INFO - Epoch 20.
2024-02-03 23:31:17 - training_logger - INFO - 
Train loss
    main     mask  non_mask        curl
0.258638 0.259566  0.255854 9932.210182
2024-02-03 23:31:17 - training_logger - INFO - Epoch 21.
2024-02-03 23:37:58 - training_logger - INFO - 
Train loss
    main     mask  non_mask         curl
0.257972 0.259284  0.254034 10419.483573
2024-02-03 23:37:58 - training_logger - INFO - Epoch 22.
2024-02-03 23:44:46 - training_logger - INFO - 
Train loss
    main     mask  non_mask         curl
0.253284 0.253277  0.253305 10766.742091
2024-02-03 23:44:46 - training_logger - INFO - Epoch 23.
2024-02-03 23:51:32 - training_logger - INFO - 
Train loss
    main     mask  non_mask         curl
0.253026 0.253498  0.251607 10863.867209
2024-02-03 23:51:32 - training_logger - INFO - Epoch 24.
2024-02-03 23:58:20 - training_logger - INFO - 
Train loss
    main     mask  non_mask         curl
0.250048 0.249383  0.252042 10283.315683
2024-02-03 23:58:20 - training_logger - INFO - Epoch 25.
2024-02-04 00:05:03 - training_logger - INFO - 
Train loss
    main    mask  non_mask        curl
0.252074 0.25295  0.249445 10206.54747
2024-02-04 00:05:03 - training_logger - INFO - Epoch 26.
2024-02-04 00:11:51 - training_logger - INFO - 
Train loss
    main     mask  non_mask         curl
0.250856 0.250893  0.250745 10350.543208
2024-02-04 00:11:51 - training_logger - INFO - Epoch 27.
2024-02-04 00:18:35 - training_logger - INFO - 
Train loss
    main     mask  non_mask         curl
0.249075 0.249174  0.248778 10183.381184
2024-02-04 00:18:35 - training_logger - INFO - Epoch 28.
2024-02-04 00:25:18 - training_logger - INFO - 
Train loss
    main     mask  non_mask        curl
0.248611 0.248817  0.247991 10434.89915
2024-02-04 00:25:18 - training_logger - INFO - Epoch 29.
2024-02-04 00:32:04 - training_logger - INFO - 
Train loss
    main     mask  non_mask         curl
0.248531 0.248757  0.247854 10696.768159
2024-02-04 00:32:04 - training_logger - INFO - Epoch 30.
2024-02-04 00:38:41 - training_logger - INFO - 
Train loss
    main     mask  non_mask         curl
0.245275 0.244392  0.247924 10813.182507
2024-02-04 00:38:41 - training_logger - INFO - Epoch 31.
2024-02-04 00:45:18 - training_logger - INFO - 
Train loss
   main     mask  non_mask         curl
0.24786 0.248633  0.245543 10959.932692
2024-02-04 00:45:18 - training_logger - INFO - Epoch 32.
2024-02-04 00:52:01 - training_logger - INFO - 
Train loss
    main     mask  non_mask         curl
0.244652 0.244014  0.246565 10837.221441
2024-02-04 00:52:01 - training_logger - INFO - Epoch 33.
2024-02-04 00:58:48 - training_logger - INFO - 
Train loss
    main     mask  non_mask         curl
0.245516 0.245405  0.245848 10577.675984
2024-02-04 00:58:48 - training_logger - INFO - Epoch 34.
2024-02-04 01:05:30 - training_logger - INFO - 
Train loss
    main     mask  non_mask         curl
0.247445 0.248277  0.244951 10407.192796
2024-02-04 01:05:30 - training_logger - INFO - Epoch 35.
2024-02-04 01:14:35 - training_logger - INFO - Save Model Parameters...
2024-02-04 01:14:35 - training_logger - INFO - 
Train loss
    main     mask  non_mask         curl
0.243931 0.243874  0.244102 10425.503347
Val loss
     mae     mape      rmse
7.263706 0.278062 12.075425
2024-02-04 01:14:35 - training_logger - INFO - Epoch 36.
2024-02-04 01:23:35 - training_logger - INFO - Save Model Parameters...
2024-02-04 01:23:35 - training_logger - INFO - 
Train loss
    main     mask  non_mask        curl
0.243455 0.243085  0.244565 9735.862843
Val loss
    mae     mape      rmse
7.17855 0.273804 12.032326
2024-02-04 01:23:35 - training_logger - INFO - Epoch 37.
2024-02-04 01:32:40 - training_logger - INFO - 
Train loss
    main     mask  non_mask        curl
0.243677 0.243924  0.242934 9563.742362
Val loss
     mae    mape      rmse
7.288911 0.27899 11.866252
2024-02-04 01:32:40 - training_logger - INFO - Epoch 38.
2024-02-04 01:41:41 - training_logger - INFO - 
Train loss
    main     mask  non_mask        curl
0.241307 0.240475  0.243804 9140.248838
Val loss
     mae     mape      rmse
7.207086 0.275459 12.132738
2024-02-04 01:41:41 - training_logger - INFO - Epoch 39.
2024-02-04 01:50:54 - training_logger - INFO - 
Train loss
    main     mask  non_mask        curl
0.243535 0.243949  0.242293 8614.182608
Val loss
     mae     mape      rmse
7.196986 0.275501 12.072548
2024-02-04 01:50:54 - training_logger - INFO - Epoch 40.
2024-02-04 02:00:01 - training_logger - INFO - 
Train loss
    main     mask  non_mask        curl
0.239174 0.238652  0.240742 8312.693985
Val loss
     mae     mape      rmse
7.196509 0.274816 11.996433
2024-02-04 02:00:01 - training_logger - INFO - Epoch 41.
2024-02-04 02:09:01 - training_logger - INFO - 
Train loss
   main     mask  non_mask        curl
0.23966 0.239014  0.241595 8321.236706
Val loss
     mae     mape      rmse
7.205652 0.275787 11.986867
2024-02-04 02:09:01 - training_logger - INFO - Epoch 42.
2024-02-04 02:17:59 - training_logger - INFO - 
Train loss
    main     mask  non_mask        curl
0.239541 0.239149  0.240719 8475.422345
Val loss
    mae     mape      rmse
7.26081 0.277365 12.050775
2024-02-04 02:17:59 - training_logger - INFO - Epoch 43.
2024-02-04 02:27:01 - training_logger - INFO - 
Train loss
    main     mask  non_mask        curl
0.240745 0.241095  0.239695 8137.815497
Val loss
    mae     mape      rmse
7.30287 0.279578 12.030433
2024-02-04 02:27:01 - training_logger - INFO - Epoch 44.
2024-02-04 02:36:05 - training_logger - INFO - 
Train loss
   main     mask  non_mask       curl
0.23973 0.239838  0.239407 8057.16418
Val loss
     mae     mape      rmse
7.202279 0.275571 12.018293
2024-02-04 02:36:05 - training_logger - INFO - Epoch 45.
2024-02-04 02:45:07 - training_logger - INFO - 
Train loss
    main    mask  non_mask        curl
0.238631 0.23818  0.239986 8023.038594
Val loss
     mae     mape      rmse
7.289573 0.278762 12.155962
2024-02-04 02:45:07 - training_logger - INFO - Epoch 46.
2024-02-04 02:54:11 - training_logger - INFO - 
Train loss
    main     mask  non_mask        curl
0.237276 0.236137  0.240695 7890.234995
Val loss
     mae     mape      rmse
7.320962 0.280109 12.014164
2024-02-04 02:54:11 - training_logger - INFO - Epoch 47.
2024-02-04 03:03:17 - training_logger - INFO - 
Train loss
    main     mask  non_mask        curl
0.241267 0.242207  0.238447 7498.719586
Val loss
     mae     mape      rmse
7.302676 0.278905 12.022603
2024-02-04 03:03:17 - training_logger - INFO - Epoch 48.
2024-02-04 03:12:17 - training_logger - INFO - 
Train loss
   main     mask  non_mask        curl
0.23848 0.238156  0.239449 7461.481707
Val loss
     mae     mape      rmse
7.391055 0.282371 12.429394
2024-02-04 03:12:17 - training_logger - INFO - Epoch 49.
2024-02-04 03:21:24 - training_logger - INFO - 
Train loss
    main     mask  non_mask      curl
0.239431 0.239618  0.238869 7406.7337
Val loss
     mae     mape     rmse
7.293837 0.279096 12.17281
2024-02-04 03:21:24 - training_logger - INFO - Training process completed.
2024-02-04 03:23:34 - training_logger - INFO - 
Test loss
      mae     mape     rmse
11.434679 0.238373 20.02304
