2024-02-04 11:41:15 - training_logger - INFO - 
       arg_name                   value       source  state
      acc_steps                       1   model.json   USED
     batch_size                      16   model.json   USED
    config_file                   model default.json   USED
    data_folder /home/user/data/air2018 default.json   USED
       dim_feed                      64   model.json   USED
     drop_limit                     0.5 default.json   USED
      dym_graph                    True   model.json   USED
         epochs                      50   model.json   USED
        hid_dim                      64   model.json   USED
     hid_layers                       2   model.json   USED
          k_top                       6   model.json   USED
          label                    pm25   model.json   USED
             lr                   0.001 default.json   USED
     mask_ratio                    0.25 default.json   USED
       max_step                       4   model.json   USED
        mm_size                       0   model.json   USED
          nhead                       1   model.json   USED
     non_linear                    gelu   model.json   USED
    num_workers                       4   model.json   USED
prefetch_factor                       2   model.json   USED
    ring_layers                       3   model.json   USED
    s_embed_dim                       2   model.json FORCED
      skip_step                       4 default.json   USED
       st_embed                  simple   model.json   USED
 step_embed_dim                       6   model.json   USED
    t_embed_dim                       8   model.json   USED
 time_embed_dim                       8   model.json   USED
        w_decay                 0.00001 default.json   USED
  weight_layers                       3   model.json   USED
     which_data                   large   model.json   USED
         window                       6 default.json   USED
  wth_embed_dim                      16   model.json   USED
2024-02-04 11:41:15 - training_logger - INFO - Device num: 1
2024-02-04 11:41:15 - training_logger - INFO - Device: cuda
2024-02-04 11:41:32 - training_logger - INFO - Starting the training process...
2024-02-04 11:41:32 - training_logger - INFO - Epoch 0.
2024-02-04 11:48:23 - training_logger - INFO - 
Train loss
    main     mask  non_mask         curl
0.365146 0.364662  0.366599 24012.039882
2024-02-04 11:48:23 - training_logger - INFO - Epoch 1.
2024-02-04 11:55:18 - training_logger - INFO - 
Train loss
    main     mask  non_mask         curl
0.273369 0.273546  0.272839 13752.019881
2024-02-04 11:55:18 - training_logger - INFO - Epoch 2.
2024-02-04 12:02:01 - training_logger - INFO - 
Train loss
    main     mask  non_mask        curl
0.268952 0.268791  0.269433 9594.177859
2024-02-04 12:02:01 - training_logger - INFO - Epoch 3.
2024-02-04 12:08:44 - training_logger - INFO - 
Train loss
   main     mask  non_mask        curl
0.26803 0.267908  0.268396 7187.820763
2024-02-04 12:08:44 - training_logger - INFO - Epoch 4.
2024-02-04 12:15:37 - training_logger - INFO - 
Train loss
    main     mask  non_mask        curl
0.266682 0.266314  0.267787 5712.012553
2024-02-04 12:15:37 - training_logger - INFO - Epoch 5.
2024-02-04 12:22:24 - training_logger - INFO - 
Train loss
   main     mask  non_mask        curl
0.26706 0.267247  0.266498 4786.597697
2024-02-04 12:22:24 - training_logger - INFO - Epoch 6.
2024-02-04 12:29:07 - training_logger - INFO - 
Train loss
    main     mask  non_mask        curl
0.266601 0.267035  0.265299 4121.019881
2024-02-04 12:29:07 - training_logger - INFO - Epoch 7.
2024-02-04 12:35:53 - training_logger - INFO - 
Train loss
    main    mask  non_mask       curl
0.267288 0.26817  0.264641 3600.80445
2024-02-04 12:35:53 - training_logger - INFO - Epoch 8.
2024-02-04 12:42:39 - training_logger - INFO - 
Train loss
    main     mask  non_mask        curl
0.266474 0.267149   0.26445 3165.178617
2024-02-04 12:42:39 - training_logger - INFO - Epoch 9.
2024-02-04 12:49:30 - training_logger - INFO - 
Train loss
    main     mask  non_mask        curl
0.265876 0.266543  0.263873 2854.939804
2024-02-04 12:49:30 - training_logger - INFO - Epoch 10.
2024-02-04 12:56:16 - training_logger - INFO - 
Train loss
   main     mask  non_mask        curl
0.26245 0.261517  0.265249 2716.191933
2024-02-04 12:56:16 - training_logger - INFO - Epoch 11.
2024-02-04 13:02:57 - training_logger - INFO - 
Train loss
    main     mask  non_mask        curl
0.266508 0.267647  0.263092 2582.837229
2024-02-04 13:02:57 - training_logger - INFO - Epoch 12.
2024-02-04 13:09:40 - training_logger - INFO - 
Train loss
    main     mask  non_mask        curl
0.263507 0.263248  0.264286 2423.422395
2024-02-04 13:09:40 - training_logger - INFO - Epoch 13.
2024-02-04 13:16:25 - training_logger - INFO - 
Train loss
    main     mask  non_mask        curl
0.263546 0.263477  0.263753 2361.989935
2024-02-04 13:16:25 - training_logger - INFO - Epoch 14.
2024-02-04 13:23:09 - training_logger - INFO - 
Train loss
    main     mask  non_mask        curl
0.261664 0.260764  0.264364 2338.596471
2024-02-04 13:23:09 - training_logger - INFO - Epoch 15.
2024-02-04 13:29:59 - training_logger - INFO - 
Train loss
    main    mask  non_mask        curl
0.261707 0.26085  0.264278 2350.804644
2024-02-04 13:29:59 - training_logger - INFO - Epoch 16.
2024-02-04 13:36:41 - training_logger - INFO - 
Train loss
    main     mask  non_mask        curl
0.263453 0.263842  0.262283 2249.401513
2024-02-04 13:36:41 - training_logger - INFO - Epoch 17.
2024-02-04 13:43:25 - training_logger - INFO - 
Train loss
    main     mask  non_mask        curl
0.264912 0.265872  0.262032 2257.014571
2024-02-04 13:43:25 - training_logger - INFO - Epoch 18.
2024-02-04 13:50:11 - training_logger - INFO - 
Train loss
    main     mask  non_mask        curl
0.261136 0.260258  0.263769 2201.081997
2024-02-04 13:50:11 - training_logger - INFO - Epoch 19.
2024-02-04 13:57:05 - training_logger - INFO - 
Train loss
    main     mask  non_mask        curl
0.264198 0.265246  0.261056 2114.235134
2024-02-04 13:57:05 - training_logger - INFO - Epoch 20.
2024-02-04 14:03:49 - training_logger - INFO - 
Train loss
    main     mask  non_mask       curl
0.262622 0.262573  0.262769 2091.99529
2024-02-04 14:03:49 - training_logger - INFO - Epoch 21.
2024-02-04 14:10:36 - training_logger - INFO - 
Train loss
    main    mask  non_mask        curl
0.259823 0.25924  0.261571 1962.126262
2024-02-04 14:10:36 - training_logger - INFO - Epoch 22.
2024-02-04 14:17:24 - training_logger - INFO - 
Train loss
    main     mask  non_mask       curl
0.261578 0.262031   0.26022 1764.92897
2024-02-04 14:17:24 - training_logger - INFO - Epoch 23.
2024-02-04 14:24:06 - training_logger - INFO - 
Train loss
    main     mask  non_mask        curl
0.259797 0.259788  0.259825 1560.897436
2024-02-04 14:24:06 - training_logger - INFO - Epoch 24.
2024-02-04 14:30:47 - training_logger - INFO - 
Train loss
    main     mask  non_mask        curl
0.258535 0.258525  0.258565 1459.935379
2024-02-04 14:30:47 - training_logger - INFO - Epoch 25.
2024-02-04 14:37:26 - training_logger - INFO - 
Train loss
  main   mask  non_mask        curl
0.2566 0.2563  0.257503 1385.229842
2024-02-04 14:37:26 - training_logger - INFO - Epoch 26.
2024-02-04 14:44:06 - training_logger - INFO - 
Train loss
    main     mask  non_mask        curl
0.254233 0.252875  0.258308 1284.917224
2024-02-04 14:44:06 - training_logger - INFO - Epoch 27.
2024-02-04 14:50:46 - training_logger - INFO - 
Train loss
    main    mask  non_mask        curl
0.255722 0.25592  0.255127 1258.106801
2024-02-04 14:50:46 - training_logger - INFO - Epoch 28.
2024-02-04 14:57:37 - training_logger - INFO - 
Train loss
   main     mask  non_mask        curl
0.25159 0.249888  0.256697 1258.157143
2024-02-04 14:57:37 - training_logger - INFO - Epoch 29.
2024-02-04 15:04:19 - training_logger - INFO - 
Train loss
    main     mask  non_mask        curl
0.254642 0.255047  0.253428 1173.365884
2024-02-04 15:04:19 - training_logger - INFO - Epoch 30.
2024-02-04 15:11:05 - training_logger - INFO - 
Train loss
    main    mask  non_mask        curl
0.252077 0.25174  0.253087 1154.753203
2024-02-04 15:11:05 - training_logger - INFO - Epoch 31.
2024-02-04 15:17:49 - training_logger - INFO - 
Train loss
    main     mask  non_mask       curl
0.250555 0.249962  0.252337 1139.49806
2024-02-04 15:17:49 - training_logger - INFO - Epoch 32.
2024-02-04 15:24:42 - training_logger - INFO - 
Train loss
    main     mask  non_mask       curl
0.251005 0.250851  0.251468 1103.09239
2024-02-04 15:24:42 - training_logger - INFO - Epoch 33.
2024-02-04 15:31:30 - training_logger - INFO - 
Train loss
    main     mask  non_mask        curl
0.252243 0.252711  0.250841 1146.591606
2024-02-04 15:31:30 - training_logger - INFO - Epoch 34.
2024-02-04 15:38:22 - training_logger - INFO - 
Train loss
    main     mask  non_mask        curl
0.250816 0.251031  0.250174 1158.819492
2024-02-04 15:38:22 - training_logger - INFO - Epoch 35.
2024-02-04 15:47:31 - training_logger - INFO - Save Model Parameters...
2024-02-04 15:47:31 - training_logger - INFO - 
Train loss
    main     mask  non_mask        curl
0.246299 0.244556  0.251528 1104.257514
Val loss
     mae     mape      rmse
7.124728 0.272346 11.834934
2024-02-04 15:47:31 - training_logger - INFO - Epoch 36.
2024-02-04 15:56:39 - training_logger - INFO - 
Train loss
    main     mask  non_mask        curl
0.250442 0.251366  0.247671 1123.379355
Val loss
     mae     mape      rmse
7.212369 0.275685 12.030303
2024-02-04 15:56:39 - training_logger - INFO - Epoch 37.
2024-02-04 16:05:41 - training_logger - INFO - Save Model Parameters...
2024-02-04 16:05:41 - training_logger - INFO - 
Train loss
    main     mask  non_mask        curl
0.246133 0.245399  0.248333 1093.439843
Val loss
     mae     mape     rmse
7.088458 0.271182 11.70835
2024-02-04 16:05:41 - training_logger - INFO - Epoch 38.
2024-02-04 16:14:55 - training_logger - INFO - Save Model Parameters...
2024-02-04 16:14:55 - training_logger - INFO - 
Train loss
    main     mask  non_mask        curl
0.248982 0.249487  0.247464 1047.956192
Val loss
     mae     mape      rmse
7.074381 0.270161 11.533389
2024-02-04 16:14:55 - training_logger - INFO - Epoch 39.
2024-02-04 16:24:08 - training_logger - INFO - 
Train loss
    main     mask  non_mask        curl
0.246817 0.246913   0.24653 1064.119907
Val loss
     mae     mape      rmse
7.077152 0.271094 11.747759
2024-02-04 16:24:08 - training_logger - INFO - Epoch 40.
2024-02-04 16:33:13 - training_logger - INFO - 
Train loss
    main     mask  non_mask        curl
0.243993 0.243279  0.246136 1096.422886
Val loss
     mae    mape      rmse
7.079317 0.27084 11.606331
2024-02-04 16:33:13 - training_logger - INFO - Epoch 41.
2024-02-04 16:42:24 - training_logger - INFO - 
Train loss
    main    mask  non_mask        curl
0.246455 0.24715  0.244371 1116.735791
Val loss
     mae     mape      rmse
7.074508 0.270303 11.847407
2024-02-04 16:42:24 - training_logger - INFO - Epoch 42.
2024-02-04 16:51:34 - training_logger - INFO - 
Train loss
    main     mask  non_mask        curl
0.245291 0.245384  0.245012 1165.104748
Val loss
     mae     mape      rmse
7.106237 0.272008 11.797295
2024-02-04 16:51:34 - training_logger - INFO - Epoch 43.
2024-02-04 17:00:43 - training_logger - INFO - Save Model Parameters...
2024-02-04 17:00:43 - training_logger - INFO - 
Train loss
    main     mask  non_mask      curl
0.244426 0.244433  0.244406 1196.8525
Val loss
     mae     mape      rmse
7.034327 0.269862 11.645586
2024-02-04 17:00:43 - training_logger - INFO - Epoch 44.
2024-02-04 17:10:01 - training_logger - INFO - 
Train loss
    main     mask  non_mask        curl
0.244304 0.244388  0.244053 1228.869976
Val loss
     mae     mape      rmse
7.071756 0.270529 11.743606
2024-02-04 17:10:01 - training_logger - INFO - Epoch 45.
2024-02-04 17:19:19 - training_logger - INFO - 
Train loss
    main     mask  non_mask        curl
0.244128 0.244451  0.243158 1247.742798
Val loss
     mae     mape      rmse
7.110627 0.271462 11.757508
2024-02-04 17:19:19 - training_logger - INFO - Epoch 46.
2024-02-04 17:28:32 - training_logger - INFO - 
Train loss
    main     mask  non_mask        curl
0.242228 0.241482  0.244468 1283.953363
Val loss
     mae     mape     rmse
7.074662 0.270644 11.79433
2024-02-04 17:28:32 - training_logger - INFO - Epoch 47.
2024-02-04 17:37:47 - training_logger - INFO - Save Model Parameters...
2024-02-04 17:37:47 - training_logger - INFO - 
Train loss
   main     mask  non_mask        curl
0.24431 0.244716  0.243092 1329.401625
Val loss
     mae     mape      rmse
7.031446 0.269287 11.817894
2024-02-04 17:37:47 - training_logger - INFO - Epoch 48.
2024-02-04 17:47:02 - training_logger - INFO - 
Train loss
   main     mask  non_mask        curl
0.24339 0.243624  0.242689 1403.987547
Val loss
     mae     mape      rmse
7.087548 0.270966 11.880884
2024-02-04 17:47:02 - training_logger - INFO - Epoch 49.
2024-02-04 17:56:08 - training_logger - INFO - 
Train loss
    main     mask  non_mask        curl
0.242036 0.241794   0.24276 1462.428616
Val loss
     mae     mape      rmse
7.115197 0.272371 11.867667
2024-02-04 17:56:08 - training_logger - INFO - Training process completed.
2024-02-04 17:58:22 - training_logger - INFO - 
Test loss
      mae     mape      rmse
11.343584 0.236176 20.099201
