2024-01-19 09:43:15 - training_logger - INFO - 
       arg_name             value       source  state
      acc_steps                 4   model.json   USED
     batch_size                 1   model.json   USED
    config_file             model default.json   USED
    data_folder /home/yutong/data default.json   USED
       dim_feed                64   model.json   USED
     drop_limit               0.5 default.json   USED
      dym_graph              True   model.json   USED
         epochs                50   model.json   USED
        hid_dim                32     terminal   USED
     hid_layers                 3   model.json   USED
          k_top                 6   model.json   USED
          label              pm25   model.json   USED
             lr             0.001 default.json   USED
     mask_ratio              0.25 default.json   USED
       max_step                 4   model.json   USED
        mm_size               256   model.json   USED
          nhead                 4   model.json   USED
     non_linear              gelu   model.json   USED
    num_workers                 3   model.json   USED
prefetch_factor                 4   model.json   USED
    ring_layers                 4   model.json   USED
    s_embed_dim                 2   model.json FORCED
       st_embed            simple   model.json   USED
 step_embed_dim                 6   model.json   USED
    t_embed_dim                 8   model.json   USED
 time_embed_dim                 8   model.json   USED
        w_decay           0.00001 default.json   USED
  weight_layers                 2   model.json   USED
     which_data             large   model.json   USED
         window                24 default.json   USED
  wth_embed_dim                16   model.json   USED
2024-01-19 09:43:15 - training_logger - INFO - Device num: 1
2024-01-19 09:43:15 - training_logger - INFO - Device: cuda
2024-01-19 09:43:52 - training_logger - INFO - Starting the training process...
2024-01-19 09:43:52 - training_logger - INFO - Epoch 0.
2024-01-19 10:15:17 - training_logger - INFO - 
Train loss
    main     mask  non_mask        curl
0.234987 0.234768  0.235642 23986.10961
2024-01-19 10:15:17 - training_logger - INFO - Epoch 1.
2024-01-19 10:47:06 - training_logger - INFO - 
Train loss
    main    mask  non_mask         curl
0.185406 0.18496  0.186746 23944.579358
2024-01-19 10:47:06 - training_logger - INFO - Epoch 2.
2024-01-19 11:18:56 - training_logger - INFO - 
Train loss
    main     mask  non_mask         curl
0.169988 0.170025  0.169878 37895.014511
2024-01-19 11:18:56 - training_logger - INFO - Epoch 3.
2024-01-19 11:49:44 - training_logger - INFO - 
Train loss
    main     mask  non_mask         curl
0.163332 0.163868  0.161725 35256.526076
2024-01-19 11:49:44 - training_logger - INFO - Epoch 4.
2024-01-19 12:20:17 - training_logger - INFO - 
Train loss
    main    mask  non_mask         curl
0.160159 0.16065  0.158685 28563.003215
2024-01-19 12:20:17 - training_logger - INFO - Epoch 5.
2024-01-19 12:50:23 - training_logger - INFO - 
Train loss
    main     mask  non_mask         curl
0.155673 0.155446  0.156353 27170.980881
2024-01-19 12:50:23 - training_logger - INFO - Epoch 6.
2024-01-19 13:20:18 - training_logger - INFO - 
Train loss
    main     mask  non_mask         curl
0.153132 0.152414  0.155285 21510.795795
2024-01-19 13:20:18 - training_logger - INFO - Epoch 7.
2024-01-19 13:50:31 - training_logger - INFO - 
Train loss
    main     mask  non_mask         curl
0.152669 0.152862  0.152089 21052.365485
2024-01-19 13:50:31 - training_logger - INFO - Epoch 8.
2024-01-19 14:21:38 - training_logger - INFO - 
Train loss
    main     mask  non_mask         curl
0.148593 0.148173  0.149851 30003.077847
2024-01-19 14:21:38 - training_logger - INFO - Epoch 9.
2024-01-19 14:52:39 - training_logger - INFO - 
Train loss
   main     mask  non_mask         curl
0.14895 0.148079  0.151565 21655.264273
2024-01-19 14:52:39 - training_logger - INFO - Epoch 10.
2024-01-19 15:23:00 - training_logger - INFO - 
Train loss
    main     mask  non_mask         curl
0.146517 0.145502  0.149564 21392.288885
2024-01-19 15:23:00 - training_logger - INFO - Epoch 11.
2024-01-19 15:52:56 - training_logger - INFO - 
Train loss
    main     mask  non_mask        curl
0.145021 0.144763  0.145793 21264.72433
2024-01-19 15:52:56 - training_logger - INFO - Epoch 12.
2024-01-19 16:22:42 - training_logger - INFO - 
Train loss
    main    mask  non_mask        curl
0.146515 0.14689  0.145392 20778.29639
2024-01-19 16:22:42 - training_logger - INFO - Epoch 13.
2024-01-19 16:53:09 - training_logger - INFO - 
Train loss
    main     mask  non_mask        curl
0.143273 0.142756  0.144824 24495.12241
2024-01-19 16:53:09 - training_logger - INFO - Epoch 14.
2024-01-19 17:24:56 - training_logger - INFO - 
Train loss
    main     mask  non_mask         curl
0.143722 0.143678  0.143855 22586.274294
2024-01-19 17:24:56 - training_logger - INFO - Epoch 15.
2024-01-19 17:56:08 - training_logger - INFO - 
Train loss
    main     mask  non_mask         curl
0.141492 0.141319  0.142008 22566.117299
2024-01-19 17:56:08 - training_logger - INFO - Epoch 16.
2024-01-19 18:26:59 - training_logger - INFO - 
Train loss
    main     mask  non_mask         curl
0.139416 0.138781  0.141322 23283.770019
2024-01-19 18:26:59 - training_logger - INFO - Epoch 17.
2024-01-19 18:57:52 - training_logger - INFO - 
Train loss
    main     mask  non_mask         curl
0.140992 0.141086  0.140711 23723.163273
2024-01-19 18:57:52 - training_logger - INFO - Epoch 18.
2024-01-19 19:28:16 - training_logger - INFO - 
Train loss
    main     mask  non_mask         curl
0.138785 0.138578  0.139409 22651.883446
2024-01-19 19:28:16 - training_logger - INFO - Epoch 19.
2024-01-19 19:59:25 - training_logger - INFO - 
Train loss
    main     mask  non_mask         curl
0.139423 0.139532  0.139097 25552.931911
2024-01-19 19:59:25 - training_logger - INFO - Epoch 20.
2024-01-19 20:30:05 - training_logger - INFO - 
Train loss
    main     mask  non_mask         curl
0.141137 0.142086  0.138292 28804.218748
2024-01-19 20:30:05 - training_logger - INFO - Epoch 21.
2024-01-19 21:00:26 - training_logger - INFO - 
Train loss
    main     mask  non_mask         curl
0.138714 0.138565  0.139161 28831.554957
2024-01-19 21:00:26 - training_logger - INFO - Epoch 22.
2024-01-19 21:31:36 - training_logger - INFO - 
Train loss
    main     mask  non_mask         curl
0.137058 0.136838  0.137717 22491.969371
2024-01-19 21:31:36 - training_logger - INFO - Epoch 23.
2024-01-19 22:02:02 - training_logger - INFO - 
Train loss
    main     mask  non_mask        curl
0.138734 0.139127  0.137553 21582.96407
2024-01-19 22:02:02 - training_logger - INFO - Epoch 24.
2024-01-19 22:32:32 - training_logger - INFO - 
Train loss
    main    mask  non_mask         curl
0.136496 0.13656  0.136305 26094.797581
2024-01-19 22:32:32 - training_logger - INFO - Epoch 25.
2024-01-19 23:03:07 - training_logger - INFO - 
Train loss
    main     mask  non_mask         curl
0.135762 0.135626   0.13617 23525.097884
2024-01-19 23:03:07 - training_logger - INFO - Epoch 26.
2024-01-19 23:33:15 - training_logger - INFO - 
Train loss
    main     mask  non_mask        curl
0.137914 0.138165  0.137163 23416.12248
2024-01-19 23:33:15 - training_logger - INFO - Epoch 27.
2024-01-20 00:03:53 - training_logger - INFO - 
Train loss
    main     mask  non_mask         curl
0.137676 0.138491  0.135231 25402.646291
2024-01-20 00:03:53 - training_logger - INFO - Epoch 28.
2024-01-20 00:34:05 - training_logger - INFO - 
Train loss
    main     mask  non_mask         curl
0.133701 0.132918  0.136053 24275.908256
2024-01-20 00:34:05 - training_logger - INFO - Epoch 29.
2024-01-20 01:04:18 - training_logger - INFO - 
Train loss
    main     mask  non_mask        curl
0.134946 0.134617  0.135935 25789.64732
2024-01-20 01:04:18 - training_logger - INFO - Epoch 30.
2024-01-20 02:01:42 - training_logger - INFO - 
Train loss
    main     mask  non_mask         curl
0.135965 0.136565  0.134166 26436.590793
2024-01-20 02:01:42 - training_logger - INFO - Epoch 31.
2024-01-20 03:07:15 - training_logger - INFO - 
Train loss
    main     mask  non_mask         curl
0.134034 0.133797  0.134745 23639.240884
2024-01-20 03:07:15 - training_logger - INFO - Epoch 32.
2024-01-20 04:08:56 - training_logger - INFO - 
Train loss
    main     mask  non_mask         curl
0.135727 0.135621  0.136045 26044.117549
2024-01-20 04:08:56 - training_logger - INFO - Epoch 33.
2024-01-20 05:12:35 - training_logger - INFO - 
Train loss
    main     mask  non_mask         curl
0.135853 0.136593  0.133632 26294.403033
2024-01-20 05:12:35 - training_logger - INFO - Epoch 34.
2024-01-20 06:21:30 - training_logger - INFO - 
Train loss
   main     mask  non_mask         curl
0.13419 0.134381  0.133617 23348.409435
2024-01-20 06:21:30 - training_logger - INFO - Epoch 35.
2024-01-20 07:33:58 - training_logger - INFO - Save Model Parameters...
2024-01-20 07:33:58 - training_logger - INFO - 
Train loss
    main     mask  non_mask         curl
0.134518 0.134981  0.133126 28406.895636
Val loss
     mae     mape     rmse
5.559484 0.218182 8.918927
2024-01-20 07:33:58 - training_logger - INFO - Epoch 36.
2024-01-20 08:54:00 - training_logger - INFO - Save Model Parameters...
2024-01-20 08:54:00 - training_logger - INFO - 
Train loss
    main     mask  non_mask         curl
0.132461 0.131945  0.134008 29417.665912
Val loss
     mae     mape     rmse
5.505477 0.216205 8.872918
2024-01-20 08:54:00 - training_logger - INFO - Epoch 37.
2024-01-20 10:09:51 - training_logger - INFO - 
Train loss
   main     mask  non_mask         curl
0.13316 0.133286  0.132783 30256.313331
Val loss
     mae     mape     rmse
5.537209 0.217698 8.886095
2024-01-20 10:09:51 - training_logger - INFO - Epoch 38.
2024-01-20 11:14:54 - training_logger - INFO - 
Train loss
    main    mask  non_mask         curl
0.133849 0.13376  0.134113 28306.217581
Val loss
     mae     mape     rmse
5.521577 0.217304 8.842002
2024-01-20 11:14:54 - training_logger - INFO - Epoch 39.
2024-01-20 12:28:26 - training_logger - INFO - Save Model Parameters...
2024-01-20 12:28:26 - training_logger - INFO - 
Train loss
    main   mask  non_mask         curl
0.131162 0.1304  0.133448 36141.770445
Val loss
     mae     mape     rmse
5.488193 0.215957 8.732771
2024-01-20 12:28:26 - training_logger - INFO - Epoch 40.
2024-01-20 13:49:30 - training_logger - INFO - 
Train loss
    main     mask  non_mask         curl
0.130343 0.130518  0.129816 27515.400719
Val loss
     mae     mape     rmse
5.503644 0.216562 8.900457
2024-01-20 13:49:30 - training_logger - INFO - Epoch 41.
2024-01-20 15:02:16 - training_logger - INFO - Save Model Parameters...
2024-01-20 15:02:16 - training_logger - INFO - 
Train loss
    main     mask  non_mask         curl
0.128934 0.128734  0.129533 27138.641936
Val loss
     mae   mape    rmse
5.460001 0.2144 8.75714
2024-01-20 15:02:16 - training_logger - INFO - Epoch 42.
2024-01-20 16:17:39 - training_logger - INFO - 
Train loss
   main     mask  non_mask       curl
0.13014 0.130535  0.128955 29396.8531
Val loss
     mae     mape   rmse
5.535602 0.217576 8.9728
2024-01-20 16:17:39 - training_logger - INFO - Epoch 43.
2024-01-20 17:34:02 - training_logger - INFO - 
Train loss
    main     mask  non_mask         curl
0.127495 0.126813  0.129543 31862.378618
Val loss
     mae     mape     rmse
5.476978 0.215359 8.863929
2024-01-20 17:34:02 - training_logger - INFO - Epoch 44.
2024-01-20 18:45:49 - training_logger - INFO - 
Train loss
    main     mask  non_mask         curl
0.128426 0.128121  0.129341 33531.433719
Val loss
   mae     mape     rmse
5.5087 0.216045 8.957698
2024-01-20 18:45:49 - training_logger - INFO - Epoch 45.
2024-01-20 20:00:18 - training_logger - INFO - 
Train loss
    main     mask  non_mask        curl
0.130556 0.131364  0.128131 35106.82393
Val loss
     mae     mape     rmse
5.468535 0.214957 8.767324
2024-01-20 20:00:18 - training_logger - INFO - Epoch 46.
2024-01-20 21:13:17 - training_logger - INFO - 
Train loss
    main     mask  non_mask         curl
0.129023 0.129194   0.12851 30009.524658
Val loss
     mae     mape     rmse
5.552113 0.218281 8.960044
2024-01-20 21:13:17 - training_logger - INFO - Epoch 47.
2024-01-20 22:25:13 - training_logger - INFO - 
Train loss
    main     mask  non_mask         curl
0.129543 0.129957  0.128301 28620.428716
Val loss
     mae     mape     rmse
5.593832 0.219915 8.953509
2024-01-20 22:25:13 - training_logger - INFO - Epoch 48.
2024-01-20 23:35:58 - training_logger - INFO - Save Model Parameters...
2024-01-20 23:35:58 - training_logger - INFO - 
Train loss
    main     mask  non_mask        curl
0.129151 0.129239  0.128885 27926.75762
Val loss
     mae     mape   rmse
5.414629 0.212671 8.6675
2024-01-20 23:35:58 - training_logger - INFO - Epoch 49.
2024-01-21 00:48:26 - training_logger - INFO - 
Train loss
    main   mask  non_mask         curl
0.128529 0.1284  0.128916 28242.960043
Val loss
     mae    mape    rmse
5.460054 0.21437 8.77609
2024-01-21 00:48:26 - training_logger - INFO - Training process completed.
2024-01-21 00:59:21 - training_logger - INFO - 
Test loss
     mae     mape      rmse
7.545565 0.166873 12.626645
