2024-01-18 04:45:08 - training_logger - INFO - 
       arg_name             value       source  state
      acc_steps                 4   model.json   USED
     batch_size                 1   model.json   USED
    config_file             model default.json   USED
    data_folder /home/yutong/data default.json   USED
       dim_feed                64   model.json   USED
     drop_limit               0.5 default.json   USED
      dym_graph              True   model.json   USED
         epochs                50   model.json   USED
        hid_dim                16     terminal   USED
     hid_layers                 3   model.json   USED
          k_top                 6   model.json   USED
          label              pm25   model.json   USED
             lr             0.001 default.json   USED
     mask_ratio              0.25 default.json   USED
       max_step                 4   model.json   USED
        mm_size               256   model.json   USED
          nhead                 4   model.json   USED
     non_linear              gelu   model.json   USED
    num_workers                 3   model.json   USED
prefetch_factor                 4   model.json   USED
    ring_layers                 4   model.json   USED
    s_embed_dim                 2   model.json FORCED
       st_embed            simple   model.json   USED
 step_embed_dim                 6   model.json   USED
    t_embed_dim                 8   model.json   USED
 time_embed_dim                 8   model.json   USED
        w_decay           0.00001 default.json   USED
  weight_layers                 2   model.json   USED
     which_data             large   model.json   USED
         window                24 default.json   USED
  wth_embed_dim                16   model.json   USED
2024-01-18 04:45:08 - training_logger - INFO - Device num: 1
2024-01-18 04:45:08 - training_logger - INFO - Device: cuda
2024-01-18 04:45:44 - training_logger - INFO - Starting the training process...
2024-01-18 04:45:44 - training_logger - INFO - Epoch 0.
2024-01-18 05:16:37 - training_logger - INFO - 
Train loss
    main     mask  non_mask        curl
0.243889 0.244686  0.241498 12173.56892
2024-01-18 05:16:37 - training_logger - INFO - Epoch 1.
2024-01-18 05:47:52 - training_logger - INFO - 
Train loss
   main    mask  non_mask        curl
0.19448 0.19419  0.195349 10347.63052
2024-01-18 05:47:52 - training_logger - INFO - Epoch 2.
2024-01-18 06:19:05 - training_logger - INFO - 
Train loss
    main     mask  non_mask         curl
0.186212 0.185284  0.188998 15760.435021
2024-01-18 06:19:05 - training_logger - INFO - Epoch 3.
2024-01-18 06:49:58 - training_logger - INFO - 
Train loss
    main     mask  non_mask         curl
0.186873 0.187802  0.184087 23702.627027
2024-01-18 06:49:58 - training_logger - INFO - Epoch 4.
2024-01-18 07:21:01 - training_logger - INFO - 
Train loss
    main     mask  non_mask        curl
0.183696 0.184286  0.181926 31768.57512
2024-01-18 07:21:01 - training_logger - INFO - Epoch 5.
2024-01-18 07:52:00 - training_logger - INFO - 
Train loss
    main     mask  non_mask         curl
0.178635 0.179209  0.176914 40963.889278
2024-01-18 07:52:00 - training_logger - INFO - Epoch 6.
2024-01-18 08:22:53 - training_logger - INFO - 
Train loss
    main     mask  non_mask         curl
0.170984 0.171569   0.16923 38220.357913
2024-01-18 08:22:53 - training_logger - INFO - Epoch 7.
2024-01-18 08:54:09 - training_logger - INFO - 
Train loss
   main     mask  non_mask         curl
0.16337 0.162954  0.164617 44108.969575
2024-01-18 08:54:09 - training_logger - INFO - Epoch 8.
2024-01-18 09:25:18 - training_logger - INFO - 
Train loss
    main     mask  non_mask         curl
0.162296 0.162307  0.162262 55057.659777
2024-01-18 09:25:18 - training_logger - INFO - Epoch 9.
2024-01-18 09:56:45 - training_logger - INFO - 
Train loss
    main     mask  non_mask         curl
0.158834 0.158324  0.160364 47038.498433
2024-01-18 09:56:45 - training_logger - INFO - Epoch 10.
2024-01-18 10:27:37 - training_logger - INFO - 
Train loss
    main     mask  non_mask         curl
0.156634 0.156279  0.157698 38994.540826
2024-01-18 10:27:37 - training_logger - INFO - Epoch 11.
2024-01-18 10:59:21 - training_logger - INFO - 
Train loss
   main     mask  non_mask         curl
0.15529 0.155213  0.155521 38114.841959
2024-01-18 10:59:21 - training_logger - INFO - Epoch 12.
2024-01-18 11:30:02 - training_logger - INFO - 
Train loss
    main     mask  non_mask        curl
0.152719 0.151957  0.155005 43476.68771
2024-01-18 11:30:02 - training_logger - INFO - Epoch 13.
2024-01-18 12:00:45 - training_logger - INFO - 
Train loss
   main     mask  non_mask         curl
0.15187 0.151471  0.153068 45308.955575
2024-01-18 12:00:45 - training_logger - INFO - Epoch 14.
2024-01-18 12:31:32 - training_logger - INFO - 
Train loss
    main     mask  non_mask         curl
0.150078 0.149487  0.151854 50125.668361
2024-01-18 12:31:32 - training_logger - INFO - Epoch 15.
2024-01-18 13:02:07 - training_logger - INFO - 
Train loss
    main     mask  non_mask         curl
0.148849 0.147735  0.152191 43792.102927
2024-01-18 13:02:07 - training_logger - INFO - Epoch 16.
2024-01-18 13:33:02 - training_logger - INFO - 
Train loss
   main     mask  non_mask         curl
0.15052 0.151236  0.148374 47935.227792
2024-01-18 13:33:02 - training_logger - INFO - Epoch 17.
2024-01-18 14:03:45 - training_logger - INFO - 
Train loss
    main     mask  non_mask         curl
0.147686 0.147255   0.14898 46811.180809
2024-01-18 14:03:45 - training_logger - INFO - Epoch 18.
2024-01-18 14:37:31 - training_logger - INFO - 
Train loss
    main     mask  non_mask         curl
0.148072 0.147763  0.148997 48487.909533
2024-01-18 14:37:31 - training_logger - INFO - Epoch 19.
2024-01-18 15:12:01 - training_logger - INFO - 
Train loss
    main     mask  non_mask         curl
0.149183 0.150179  0.146195 48400.394001
2024-01-18 15:12:01 - training_logger - INFO - Epoch 20.
2024-01-18 15:45:48 - training_logger - INFO - 
Train loss
    main     mask  non_mask        curl
0.147061 0.147325  0.146268 47380.81104
2024-01-18 15:45:48 - training_logger - INFO - Epoch 21.
2024-01-18 16:19:14 - training_logger - INFO - 
Train loss
    main     mask  non_mask         curl
0.146011 0.145938   0.14623 51790.085637
2024-01-18 16:19:14 - training_logger - INFO - Epoch 22.
2024-01-18 16:53:03 - training_logger - INFO - 
Train loss
    main     mask  non_mask         curl
0.146272 0.146505  0.145575 55171.389474
2024-01-18 16:53:03 - training_logger - INFO - Epoch 23.
2024-01-18 17:26:50 - training_logger - INFO - 
Train loss
    main     mask  non_mask         curl
0.143468 0.142812  0.145435 52705.682159
2024-01-18 17:26:50 - training_logger - INFO - Epoch 24.
2024-01-18 18:00:53 - training_logger - INFO - 
Train loss
   main     mask  non_mask         curl
0.14759 0.148892  0.143686 58625.540251
2024-01-18 18:00:53 - training_logger - INFO - Epoch 25.
2024-01-18 18:35:15 - training_logger - INFO - 
Train loss
    main     mask  non_mask         curl
0.142968 0.142944   0.14304 51775.465083
2024-01-18 18:35:15 - training_logger - INFO - Epoch 26.
2024-01-18 19:09:34 - training_logger - INFO - 
Train loss
    main     mask  non_mask         curl
0.143398 0.143005  0.144579 53057.099111
2024-01-18 19:09:34 - training_logger - INFO - Epoch 27.
2024-01-18 19:43:23 - training_logger - INFO - 
Train loss
   main     mask  non_mask         curl
0.14336 0.143396  0.143252 49193.838677
2024-01-18 19:43:23 - training_logger - INFO - Epoch 28.
2024-01-18 20:16:15 - training_logger - INFO - 
Train loss
    main     mask  non_mask         curl
0.142438 0.142276  0.142923 48227.378653
2024-01-18 20:16:15 - training_logger - INFO - Epoch 29.
2024-01-18 20:50:07 - training_logger - INFO - 
Train loss
    main     mask  non_mask         curl
0.142158 0.141685  0.143578 55490.607062
2024-01-18 20:50:07 - training_logger - INFO - Epoch 30.
2024-01-18 21:23:22 - training_logger - INFO - 
Train loss
    main     mask  non_mask         curl
0.143006 0.143481   0.14158 61070.187076
2024-01-18 21:23:22 - training_logger - INFO - Epoch 31.
2024-01-18 21:56:08 - training_logger - INFO - 
Train loss
    main     mask  non_mask         curl
0.139539 0.138489  0.142688 53459.558236
2024-01-18 21:56:08 - training_logger - INFO - Epoch 32.
2024-01-18 22:28:53 - training_logger - INFO - 
Train loss
    main     mask  non_mask         curl
0.142902 0.143079  0.142368 60188.640925
2024-01-18 22:28:53 - training_logger - INFO - Epoch 33.
2024-01-18 23:01:24 - training_logger - INFO - 
Train loss
    main     mask  non_mask         curl
0.140805 0.140537  0.141607 56634.666506
2024-01-18 23:01:24 - training_logger - INFO - Epoch 34.
2024-01-18 23:34:21 - training_logger - INFO - 
Train loss
    main     mask  non_mask         curl
0.141368 0.141204  0.141859 63062.272496
2024-01-18 23:34:21 - training_logger - INFO - Epoch 35.
2024-01-19 00:15:27 - training_logger - INFO - Save Model Parameters...
2024-01-19 00:15:27 - training_logger - INFO - 
Train loss
    main   mask  non_mask         curl
0.141142 0.1409  0.141865 69177.307624
Val loss
     mae     mape     rmse
5.664875 0.222171 9.021003
2024-01-19 00:15:27 - training_logger - INFO - Epoch 36.
2024-01-19 00:56:46 - training_logger - INFO - 
Train loss
    main     mask  non_mask         curl
0.142679 0.143002  0.141709 59042.386133
Val loss
     mae     mape     rmse
5.714567 0.224522 9.084426
2024-01-19 00:56:46 - training_logger - INFO - Epoch 37.
2024-01-19 01:37:05 - training_logger - INFO - Save Model Parameters...
2024-01-19 01:37:05 - training_logger - INFO - 
Train loss
   main     mask  non_mask        curl
0.14308 0.144175  0.139797 62403.05346
Val loss
     mae   mape     rmse
5.633814 0.2216 9.033596
2024-01-19 01:37:05 - training_logger - INFO - Epoch 38.
2024-01-19 02:16:16 - training_logger - INFO - 
Train loss
    main     mask  non_mask         curl
0.139591 0.139089  0.141095 66270.051273
Val loss
     mae    mape     rmse
5.772871 0.22659 9.126856
2024-01-19 02:16:16 - training_logger - INFO - Epoch 39.
2024-01-19 02:55:23 - training_logger - INFO - 
Train loss
    main    mask  non_mask         curl
0.141258 0.14159  0.140263 52784.907616
Val loss
     mae     mape     rmse
5.808709 0.228676 9.261141
2024-01-19 02:55:23 - training_logger - INFO - Epoch 40.
2024-01-19 03:37:08 - training_logger - INFO - 
Train loss
    main     mask  non_mask        curl
0.137966 0.138139  0.137447 59616.51863
Val loss
     mae     mape     rmse
5.701556 0.224149 9.022884
2024-01-19 03:37:08 - training_logger - INFO - Epoch 41.
2024-01-19 04:19:36 - training_logger - INFO - 
Train loss
    main     mask  non_mask         curl
0.137011 0.137037  0.136935 60321.167887
Val loss
     mae     mape     rmse
5.717911 0.224514 9.102364
2024-01-19 04:19:36 - training_logger - INFO - Epoch 42.
2024-01-19 05:02:11 - training_logger - INFO - 
Train loss
    main     mask  non_mask         curl
0.136024 0.135826  0.136618 60782.049677
Val loss
     mae     mape     rmse
5.676677 0.222775 9.015654
2024-01-19 05:02:11 - training_logger - INFO - Epoch 43.
2024-01-19 05:44:10 - training_logger - INFO - 
Train loss
    main     mask  non_mask         curl
0.136675 0.136897   0.13601 64272.425548
Val loss
     mae     mape     rmse
5.675857 0.223197 8.898695
2024-01-19 05:44:10 - training_logger - INFO - Epoch 44.
2024-01-19 06:23:42 - training_logger - INFO - 
Train loss
    main     mask  non_mask         curl
0.137896 0.138666  0.135586 65835.009986
Val loss
     mae     mape     rmse
5.688941 0.223522 9.052576
2024-01-19 06:23:42 - training_logger - INFO - Epoch 45.
2024-01-19 07:01:54 - training_logger - INFO - 
Train loss
    main     mask  non_mask         curl
0.135655 0.135341  0.136598 65317.449147
Val loss
     mae     mape    rmse
5.656676 0.222189 8.94778
2024-01-19 07:01:54 - training_logger - INFO - Epoch 46.
2024-01-19 07:39:46 - training_logger - INFO - Save Model Parameters...
2024-01-19 07:39:46 - training_logger - INFO - 
Train loss
    main     mask  non_mask         curl
0.136015 0.136375  0.134938 64618.622472
Val loss
     mae     mape     rmse
5.625079 0.221389 8.849457
2024-01-19 07:39:46 - training_logger - INFO - Epoch 47.
2024-01-19 08:18:58 - training_logger - INFO - 
Train loss
    main     mask  non_mask        curl
0.135695 0.135663  0.135791 69145.79993
Val loss
     mae     mape     rmse
5.627515 0.220855 8.988298
2024-01-19 08:18:58 - training_logger - INFO - Epoch 48.
2024-01-19 08:57:51 - training_logger - INFO - 
Train loss
    main     mask  non_mask         curl
0.135819 0.135913  0.135536 65591.942978
Val loss
     mae     mape     rmse
5.647191 0.222068 8.933126
2024-01-19 08:57:51 - training_logger - INFO - Epoch 49.
2024-01-19 09:36:06 - training_logger - INFO - Save Model Parameters...
2024-01-19 09:36:06 - training_logger - INFO - 
Train loss
    main     mask  non_mask         curl
0.135093 0.135018  0.135317 63858.423414
Val loss
     mae     mape     rmse
5.594452 0.220028 8.895399
2024-01-19 09:36:06 - training_logger - INFO - Training process completed.
2024-01-19 09:43:10 - training_logger - INFO - 
Test loss
     mae     mape      rmse
7.768156 0.171925 12.727179
