2024-02-05 18:51:24 - training_logger - INFO - 
       arg_name                   value       source  state
      acc_steps                       1   model.json   USED
     batch_size                      16   model.json   USED
    config_file                   model default.json   USED
    data_folder /home/user/data/air2018 default.json   USED
       dim_feed                      64   model.json   USED
     drop_limit                     0.5 default.json   USED
      dym_graph                    True   model.json   USED
         epochs                      50   model.json   USED
        hid_dim                      32     terminal   USED
     hid_layers                       2   model.json   USED
          k_top                       6   model.json   USED
          label                    pm25   model.json   USED
             lr                   0.001 default.json   USED
     mask_ratio                    0.25 default.json   USED
       max_step                       4   model.json   USED
        mm_size                       0   model.json   USED
          nhead                       1   model.json   USED
     non_linear                    gelu   model.json   USED
    num_workers                       4   model.json   USED
prefetch_factor                       2   model.json   USED
    ring_layers                       3   model.json   USED
    s_embed_dim                       2   model.json FORCED
      skip_step                       4 default.json   USED
       st_embed                  simple   model.json   USED
 step_embed_dim                       6   model.json   USED
    t_embed_dim                       8   model.json   USED
 time_embed_dim                       8   model.json   USED
        w_decay                 0.00001 default.json   USED
  weight_layers                       3   model.json   USED
     which_data                   large   model.json   USED
         window                       6 default.json   USED
  wth_embed_dim                      16   model.json   USED
2024-02-05 18:51:24 - training_logger - INFO - Device num: 1
2024-02-05 18:51:24 - training_logger - INFO - Device: cuda
2024-02-05 18:51:40 - training_logger - INFO - Starting the training process...
2024-02-05 18:51:40 - training_logger - INFO - Epoch 0.
2024-02-05 18:58:21 - training_logger - INFO - 
Train loss
    main     mask  non_mask         curl
0.584118 0.583806  0.585056 48165.550225
2024-02-05 18:58:21 - training_logger - INFO - Epoch 1.
2024-02-05 19:05:07 - training_logger - INFO - 
Train loss
    main     mask  non_mask       curl
0.276115 0.276719  0.274303 40257.2015
2024-02-05 19:05:07 - training_logger - INFO - Epoch 2.
2024-02-05 19:11:48 - training_logger - INFO - 
Train loss
    main     mask  non_mask         curl
0.272054 0.272871  0.269604 33853.646306
2024-02-05 19:11:48 - training_logger - INFO - Epoch 3.
2024-02-05 19:18:40 - training_logger - INFO - 
Train loss
    main     mask  non_mask         curl
0.267558 0.267117   0.26888 29065.283645
2024-02-05 19:18:40 - training_logger - INFO - Epoch 4.
2024-02-05 19:25:21 - training_logger - INFO - 
Train loss
    main     mask  non_mask         curl
0.267464 0.267653  0.266898 25423.347934
2024-02-05 19:25:21 - training_logger - INFO - Epoch 5.
2024-02-05 19:32:06 - training_logger - INFO - 
Train loss
   main     mask  non_mask         curl
0.26577 0.265321  0.267118 22857.005261
2024-02-05 19:32:06 - training_logger - INFO - Epoch 6.
2024-02-05 19:38:51 - training_logger - INFO - 
Train loss
    main     mask  non_mask         curl
0.267614 0.268151  0.266005 20454.309171
2024-02-05 19:38:51 - training_logger - INFO - Epoch 7.
2024-02-05 19:45:38 - training_logger - INFO - 
Train loss
   main     mask  non_mask         curl
0.26436 0.263453  0.267082 18544.296055
2024-02-05 19:45:38 - training_logger - INFO - Epoch 8.
2024-02-05 19:52:17 - training_logger - INFO - 
Train loss
    main     mask  non_mask         curl
0.265886 0.266077  0.265312 16968.948078
2024-02-05 19:52:17 - training_logger - INFO - Epoch 9.
2024-02-05 19:59:02 - training_logger - INFO - 
Train loss
    main     mask  non_mask         curl
0.263929 0.263329  0.265728 15510.048333
2024-02-05 19:59:02 - training_logger - INFO - Epoch 10.
2024-02-05 20:05:47 - training_logger - INFO - 
Train loss
   main     mask  non_mask         curl
0.26503 0.264968  0.265217 14365.072323
2024-02-05 20:05:47 - training_logger - INFO - Epoch 11.
2024-02-05 20:12:34 - training_logger - INFO - 
Train loss
    main     mask  non_mask         curl
0.264945 0.264971  0.264867 13407.311848
2024-02-05 20:12:34 - training_logger - INFO - Epoch 12.
2024-02-05 20:19:32 - training_logger - INFO - 
Train loss
    main     mask  non_mask         curl
0.263991 0.263685   0.26491 12270.971223
2024-02-05 20:19:32 - training_logger - INFO - Epoch 13.
2024-02-05 20:26:11 - training_logger - INFO - 
Train loss
    main   mask  non_mask         curl
0.263876 0.2636  0.264706 10909.780976
2024-02-05 20:26:11 - training_logger - INFO - Epoch 14.
2024-02-05 20:33:07 - training_logger - INFO - 
Train loss
    main     mask  non_mask         curl
0.263682 0.263456  0.264361 10043.201771
2024-02-05 20:33:07 - training_logger - INFO - Epoch 15.
2024-02-05 20:39:52 - training_logger - INFO - 
Train loss
    main     mask  non_mask        curl
0.264318 0.264349  0.264227 9164.505261
2024-02-05 20:39:52 - training_logger - INFO - Epoch 16.
2024-02-05 20:46:35 - training_logger - INFO - 
Train loss
    main    mask  non_mask        curl
0.263243 0.26308  0.263734 8379.877163
2024-02-05 20:46:35 - training_logger - INFO - Epoch 17.
2024-02-05 20:53:21 - training_logger - INFO - 
Train loss
    main     mask  non_mask        curl
0.265325 0.266017  0.263248 7677.235184
2024-02-05 20:53:21 - training_logger - INFO - Epoch 18.
2024-02-05 21:00:20 - training_logger - INFO - 
Train loss
   main     mask  non_mask        curl
0.26349 0.263408  0.263734 7378.469103
2024-02-05 21:00:20 - training_logger - INFO - Epoch 19.
2024-02-05 21:07:12 - training_logger - INFO - 
Train loss
    main     mask  non_mask        curl
0.261641 0.260674  0.264541 7154.409048
2024-02-05 21:07:13 - training_logger - INFO - Epoch 20.
2024-02-05 21:14:16 - training_logger - INFO - 
Train loss
    main     mask  non_mask        curl
0.263003 0.262859  0.263437 6761.089587
2024-02-05 21:14:16 - training_logger - INFO - Epoch 21.
2024-02-05 21:21:12 - training_logger - INFO - 
Train loss
    main     mask  non_mask        curl
0.265728 0.267057  0.261742 6579.811493
2024-02-05 21:21:12 - training_logger - INFO - Epoch 22.
2024-02-05 21:27:56 - training_logger - INFO - 
Train loss
    main     mask  non_mask        curl
0.263834 0.264159  0.262859 6369.614236
2024-02-05 21:27:56 - training_logger - INFO - Epoch 23.
2024-02-05 21:34:38 - training_logger - INFO - 
Train loss
   main     mask  non_mask        curl
0.26324 0.263358  0.262884 5819.319088
2024-02-05 21:34:38 - training_logger - INFO - Epoch 24.
2024-02-05 21:41:23 - training_logger - INFO - 
Train loss
    main     mask  non_mask        curl
0.262589 0.262536  0.262749 5301.448804
2024-02-05 21:41:23 - training_logger - INFO - Epoch 25.
2024-02-05 21:48:07 - training_logger - INFO - 
Train loss
   main     mask  non_mask        curl
0.26093 0.260015  0.263677 5247.999651
2024-02-05 21:48:07 - training_logger - INFO - Epoch 26.
2024-02-05 21:54:52 - training_logger - INFO - 
Train loss
    main     mask  non_mask        curl
0.260261 0.259298  0.263148 5357.954356
2024-02-05 21:54:52 - training_logger - INFO - Epoch 27.
2024-02-05 22:01:25 - training_logger - INFO - 
Train loss
    main     mask  non_mask        curl
0.263969 0.264879  0.261239 5602.876124
2024-02-05 22:01:25 - training_logger - INFO - Epoch 28.
2024-02-05 22:08:24 - training_logger - INFO - 
Train loss
    main     mask  non_mask        curl
0.259214 0.257769  0.263549 5560.405731
2024-02-05 22:08:24 - training_logger - INFO - Epoch 29.
2024-02-05 22:15:06 - training_logger - INFO - 
Train loss
    main     mask  non_mask        curl
0.261603 0.261368   0.26231 5736.873482
2024-02-05 22:15:06 - training_logger - INFO - Epoch 30.
2024-02-05 22:21:50 - training_logger - INFO - 
Train loss
    main     mask  non_mask        curl
0.263849 0.264875  0.260773 5870.128685
2024-02-05 22:21:50 - training_logger - INFO - Epoch 31.
2024-02-05 22:28:35 - training_logger - INFO - 
Train loss
    main     mask  non_mask        curl
0.260983 0.260841  0.261408 5548.460667
2024-02-05 22:28:35 - training_logger - INFO - Epoch 32.
2024-02-05 22:35:11 - training_logger - INFO - 
Train loss
    main     mask  non_mask        curl
0.262787 0.263405  0.260932 5318.845024
2024-02-05 22:35:11 - training_logger - INFO - Epoch 33.
2024-02-05 22:41:59 - training_logger - INFO - 
Train loss
    main     mask  non_mask        curl
0.261219 0.261265  0.261083 5523.958765
2024-02-05 22:41:59 - training_logger - INFO - Epoch 34.
2024-02-05 22:48:44 - training_logger - INFO - 
Train loss
    main     mask  non_mask        curl
0.261909 0.262361  0.260554 5547.293272
2024-02-05 22:48:44 - training_logger - INFO - Epoch 35.
2024-02-05 22:57:58 - training_logger - INFO - Save Model Parameters...
2024-02-05 22:57:58 - training_logger - INFO - 
Train loss
   main     mask  non_mask        curl
0.26112 0.261134  0.261078 5508.648509
Val loss
    mae     mape      rmse
7.22767 0.275311 12.208677
2024-02-05 22:57:58 - training_logger - INFO - Epoch 36.
2024-02-05 23:07:04 - training_logger - INFO - Save Model Parameters...
2024-02-05 23:07:04 - training_logger - INFO - 
Train loss
    main     mask  non_mask        curl
0.261894 0.262651  0.259623 5053.096812
Val loss
     mae     mape      rmse
7.218351 0.275809 11.889386
2024-02-05 23:07:04 - training_logger - INFO - Epoch 37.
2024-02-05 23:16:09 - training_logger - INFO - 
Train loss
    main     mask  non_mask        curl
0.261364 0.261795  0.260069 5521.400321
Val loss
     mae     mape      rmse
7.223397 0.276642 12.001918
2024-02-05 23:16:09 - training_logger - INFO - Epoch 38.
2024-02-05 23:25:14 - training_logger - INFO - Save Model Parameters...
2024-02-05 23:25:14 - training_logger - INFO - 
Train loss
    main     mask  non_mask        curl
0.262069 0.263107  0.258956 5267.330811
Val loss
     mae     mape      rmse
7.141554 0.273248 11.718879
2024-02-05 23:25:14 - training_logger - INFO - Epoch 39.
2024-02-05 23:34:24 - training_logger - INFO - Save Model Parameters...
2024-02-05 23:34:24 - training_logger - INFO - 
Train loss
    main     mask  non_mask        curl
0.260139 0.260422  0.259292 4740.782904
Val loss
     mae     mape      rmse
7.139664 0.273238 11.911859
2024-02-05 23:34:24 - training_logger - INFO - Epoch 40.
2024-02-05 23:43:33 - training_logger - INFO - 
Train loss
    main     mask  non_mask        curl
0.258009 0.258134  0.257636 5424.462345
Val loss
     mae     mape      rmse
7.175152 0.273604 12.073487
2024-02-05 23:43:33 - training_logger - INFO - Epoch 41.
2024-02-05 23:52:38 - training_logger - INFO - Save Model Parameters...
2024-02-05 23:52:38 - training_logger - INFO - 
Train loss
    main     mask  non_mask        curl
0.257345 0.257457   0.25701 5723.883844
Val loss
     mae     mape      rmse
7.138401 0.272909 11.755854
2024-02-05 23:52:38 - training_logger - INFO - Epoch 42.
2024-02-06 00:01:47 - training_logger - INFO - Save Model Parameters...
2024-02-06 00:01:47 - training_logger - INFO - 
Train loss
    main     mask  non_mask        curl
0.256348 0.256465  0.255997 6136.920804
Val loss
     mae     mape      rmse
7.066245 0.270059 11.616101
2024-02-06 00:01:47 - training_logger - INFO - Epoch 43.
2024-02-06 00:10:50 - training_logger - INFO - Save Model Parameters...
2024-02-06 00:10:50 - training_logger - INFO - 
Train loss
    main     mask  non_mask        curl
0.254755 0.254123  0.256651 6591.595819
Val loss
     mae     mape      rmse
7.058774 0.269389 12.001131
2024-02-06 00:10:50 - training_logger - INFO - Epoch 44.
2024-02-06 00:19:50 - training_logger - INFO - 
Train loss
    main     mask  non_mask        curl
0.256985 0.257735  0.254732 6326.412334
Val loss
    mae     mape      rmse
7.09052 0.270854 11.665644
2024-02-06 00:19:50 - training_logger - INFO - Epoch 45.
2024-02-06 00:28:51 - training_logger - INFO - 
Train loss
    main     mask  non_mask        curl
0.253821 0.253572  0.254566 6702.077537
Val loss
     mae     mape      rmse
7.109381 0.272054 11.924876
2024-02-06 00:28:51 - training_logger - INFO - Epoch 46.
2024-02-06 00:38:02 - training_logger - INFO - 
Train loss
    main     mask  non_mask        curl
0.253394 0.252857  0.255005 6659.777583
Val loss
    mae     mape      rmse
7.07108 0.270292 11.930814
2024-02-06 00:38:02 - training_logger - INFO - Epoch 47.
2024-02-06 00:47:04 - training_logger - INFO - 
Train loss
    main     mask  non_mask        curl
0.253403 0.253116  0.254264 6855.729704
Val loss
     mae     mape      rmse
7.108064 0.271557 11.707186
2024-02-06 00:47:04 - training_logger - INFO - Epoch 48.
2024-02-06 00:56:02 - training_logger - INFO - 
Train loss
    main     mask  non_mask        curl
0.251643 0.250766  0.254272 6568.040417
Val loss
     mae     mape      rmse
7.090856 0.271263 11.766025
2024-02-06 00:56:02 - training_logger - INFO - Epoch 49.
2024-02-06 01:05:03 - training_logger - INFO - Save Model Parameters...
2024-02-06 01:05:03 - training_logger - INFO - 
Train loss
    main     mask  non_mask        curl
0.249911 0.248383  0.254495 6447.830998
Val loss
     mae     mape      rmse
7.028985 0.268625 11.816589
2024-02-06 01:05:03 - training_logger - INFO - Training process completed.
2024-02-06 01:07:16 - training_logger - INFO - 
Test loss
      mae     mape      rmse
11.426511 0.237282 20.335716
