2024-02-05 01:11:48 - training_logger - INFO - 
       arg_name                   value       source  state
      acc_steps                       1   model.json   USED
     batch_size                      16   model.json   USED
    config_file                   model default.json   USED
    data_folder /home/user/data/air2018 default.json   USED
       dim_feed                      64   model.json   USED
     drop_limit                     0.5 default.json   USED
      dym_graph                    True   model.json   USED
         epochs                      50   model.json   USED
        hid_dim                      64   model.json   USED
     hid_layers                       2   model.json   USED
          k_top                       6   model.json   USED
          label                    pm25   model.json   USED
             lr                   0.001 default.json   USED
     mask_ratio                    0.25 default.json   USED
       max_step                      16     terminal   USED
        mm_size                       0   model.json   USED
          nhead                       1   model.json   USED
     non_linear                    gelu   model.json   USED
    num_workers                       4   model.json   USED
prefetch_factor                       2   model.json   USED
    ring_layers                       3   model.json   USED
    s_embed_dim                       2   model.json FORCED
      skip_step                       4 default.json   USED
       st_embed                  simple   model.json   USED
 step_embed_dim                       6   model.json   USED
    t_embed_dim                       8   model.json   USED
 time_embed_dim                       8   model.json   USED
        w_decay                 0.00001 default.json   USED
  weight_layers                       3   model.json   USED
     which_data                   large   model.json   USED
         window                       6 default.json   USED
  wth_embed_dim                      16   model.json   USED
2024-02-05 01:11:48 - training_logger - INFO - Device num: 1
2024-02-05 01:11:48 - training_logger - INFO - Device: cuda
2024-02-05 01:12:04 - training_logger - INFO - Starting the training process...
2024-02-05 01:12:04 - training_logger - INFO - Epoch 0.
2024-02-05 01:24:54 - training_logger - INFO - 
Train loss
    main     mask  non_mask          curl
4.187399 4.186772  4.189282 704046.075046
2024-02-05 01:24:54 - training_logger - INFO - Epoch 1.
2024-02-05 01:37:49 - training_logger - INFO - 
Train loss
    main     mask  non_mask          curl
0.439882 0.439255  0.441763 595753.382755
2024-02-05 01:37:49 - training_logger - INFO - Epoch 2.
2024-02-05 01:50:40 - training_logger - INFO - 
Train loss
    main     mask  non_mask          curl
0.328552 0.328306  0.329291 495317.994868
2024-02-05 01:50:40 - training_logger - INFO - Epoch 3.
2024-02-05 02:03:33 - training_logger - INFO - 
Train loss
    main     mask  non_mask         curl
0.283951 0.284732  0.281607 396532.06307
2024-02-05 02:03:33 - training_logger - INFO - Epoch 4.
2024-02-05 02:16:29 - training_logger - INFO - 
Train loss
   main     mask  non_mask          curl
0.27664 0.276834  0.276056 354751.376825
2024-02-05 02:16:29 - training_logger - INFO - Epoch 5.
2024-02-05 02:29:20 - training_logger - INFO - 
Train loss
    main     mask  non_mask          curl
0.271304 0.270416  0.273967 325899.199133
2024-02-05 02:29:20 - training_logger - INFO - Epoch 6.
2024-02-05 02:42:09 - training_logger - INFO - 
Train loss
    main     mask  non_mask          curl
0.270148 0.269688  0.271528 303395.412409
2024-02-05 02:42:09 - training_logger - INFO - Epoch 7.
2024-02-05 02:55:07 - training_logger - INFO - 
Train loss
    main     mask  non_mask          curl
0.270113 0.270065  0.270256 283117.178319
2024-02-05 02:55:07 - training_logger - INFO - Epoch 8.
2024-02-05 03:08:09 - training_logger - INFO - 
Train loss
    main     mask  non_mask          curl
0.269666 0.270098   0.26837 264430.663948
2024-02-05 03:08:09 - training_logger - INFO - Epoch 9.
2024-02-05 03:21:04 - training_logger - INFO - 
Train loss
    main     mask  non_mask          curl
0.267412 0.267287  0.267789 248142.730155
2024-02-05 03:21:04 - training_logger - INFO - Epoch 10.
2024-02-05 03:33:53 - training_logger - INFO - 
Train loss
    main    mask  non_mask          curl
0.266644 0.26626  0.267797 233366.388458
2024-02-05 03:33:53 - training_logger - INFO - Epoch 11.
2024-02-05 03:46:46 - training_logger - INFO - 
Train loss
   main     mask  non_mask          curl
0.26851 0.269273  0.266219 219364.226563
2024-02-05 03:46:46 - training_logger - INFO - Epoch 12.
2024-02-05 03:59:46 - training_logger - INFO - 
Train loss
    main     mask  non_mask          curl
0.264452 0.263516  0.267262 206512.082003
2024-02-05 03:59:46 - training_logger - INFO - Epoch 13.
2024-02-05 04:12:48 - training_logger - INFO - 
Train loss
    main     mask  non_mask          curl
0.265583 0.265261  0.266549 193990.657219
2024-02-05 04:12:48 - training_logger - INFO - Epoch 14.
2024-02-05 04:25:43 - training_logger - INFO - 
Train loss
    main     mask  non_mask          curl
0.266722 0.267183  0.265341 182567.334056
2024-02-05 04:25:43 - training_logger - INFO - Epoch 15.
2024-02-05 04:38:47 - training_logger - INFO - 
Train loss
    main    mask  non_mask          curl
0.264262 0.26358  0.266305 172622.499772
2024-02-05 04:38:47 - training_logger - INFO - Epoch 16.
2024-02-05 04:51:49 - training_logger - INFO - 
Train loss
    main     mask  non_mask          curl
0.268028 0.269493   0.26363 162412.235287
2024-02-05 04:51:49 - training_logger - INFO - Epoch 17.
2024-02-05 05:04:48 - training_logger - INFO - 
Train loss
    main     mask  non_mask          curl
0.266759 0.267505  0.264523 153682.090328
2024-02-05 05:04:48 - training_logger - INFO - Epoch 18.
2024-02-05 05:17:46 - training_logger - INFO - 
Train loss
    main     mask  non_mask          curl
0.263885 0.263588  0.264774 146076.252509
2024-02-05 05:17:46 - training_logger - INFO - Epoch 19.
2024-02-05 05:30:44 - training_logger - INFO - 
Train loss
    main     mask  non_mask          curl
0.263505 0.263145  0.264583 138782.807767
2024-02-05 05:30:44 - training_logger - INFO - Epoch 20.
2024-02-05 05:43:41 - training_logger - INFO - 
Train loss
    main     mask  non_mask         curl
0.262636 0.262075   0.26432 133093.24119
2024-02-05 05:43:41 - training_logger - INFO - Epoch 21.
2024-02-05 05:56:43 - training_logger - INFO - 
Train loss
    main     mask  non_mask          curl
0.262025 0.261067  0.264899 125781.155052
2024-02-05 05:56:43 - training_logger - INFO - Epoch 22.
2024-02-05 06:09:35 - training_logger - INFO - 
Train loss
    main     mask  non_mask          curl
0.261252 0.260192  0.264433 119689.498546
2024-02-05 06:09:35 - training_logger - INFO - Epoch 23.
2024-02-05 06:22:28 - training_logger - INFO - 
Train loss
    main     mask  non_mask          curl
0.262691 0.262607  0.262945 114385.670906
2024-02-05 06:22:28 - training_logger - INFO - Epoch 24.
2024-02-05 06:35:22 - training_logger - INFO - 
Train loss
   main    mask  non_mask          curl
0.26211 0.26155  0.263792 108858.106666
2024-02-05 06:35:22 - training_logger - INFO - Epoch 25.
2024-02-05 06:48:23 - training_logger - INFO - 
Train loss
    main     mask  non_mask        curl
0.263309 0.263792  0.261859 103204.2638
2024-02-05 06:48:23 - training_logger - INFO - Epoch 26.
2024-02-05 07:01:19 - training_logger - INFO - 
Train loss
   main    mask  non_mask         curl
0.26259 0.26308  0.261118 97881.281336
2024-02-05 07:01:19 - training_logger - INFO - Epoch 27.
2024-02-05 07:14:13 - training_logger - INFO - 
Train loss
    main     mask  non_mask         curl
0.260552 0.260383  0.261056 93382.241104
2024-02-05 07:14:13 - training_logger - INFO - Epoch 28.
2024-02-05 07:27:05 - training_logger - INFO - 
Train loss
    main     mask  non_mask         curl
0.263175 0.264455  0.259335 88353.850964
2024-02-05 07:27:05 - training_logger - INFO - Epoch 29.
2024-02-05 07:40:03 - training_logger - INFO - 
Train loss
    main    mask  non_mask         curl
0.259257 0.25907  0.259815 83147.935133
2024-02-05 07:40:03 - training_logger - INFO - Epoch 30.
2024-02-05 07:53:00 - training_logger - INFO - 
Train loss
    main     mask  non_mask         curl
0.257716 0.257474  0.258442 78702.409044
2024-02-05 07:53:00 - training_logger - INFO - Epoch 31.
2024-02-05 08:05:51 - training_logger - INFO - 
Train loss
   main     mask  non_mask         curl
0.25618 0.255968  0.256816 73984.289005
2024-02-05 08:05:51 - training_logger - INFO - Epoch 32.
2024-02-05 08:18:43 - training_logger - INFO - 
Train loss
    main     mask  non_mask         curl
0.259308 0.260647   0.25529 69962.907647
2024-02-05 08:18:43 - training_logger - INFO - Epoch 33.
2024-02-05 08:31:44 - training_logger - INFO - 
Train loss
    main     mask  non_mask         curl
0.256222 0.256504  0.255374 66779.157704
2024-02-05 08:31:44 - training_logger - INFO - Epoch 34.
2024-02-05 08:44:36 - training_logger - INFO - 
Train loss
    main     mask  non_mask         curl
0.254238 0.254265  0.254157 62808.129191
2024-02-05 08:44:36 - training_logger - INFO - Epoch 35.
2024-02-05 08:59:52 - training_logger - INFO - Save Model Parameters...
2024-02-05 08:59:52 - training_logger - INFO - 
Train loss
    main     mask  non_mask      curl
0.253155 0.253084  0.253369 58809.882
Val loss
    mae     mape     rmse
7.25187 0.277485 11.85661
2024-02-05 08:59:52 - training_logger - INFO - Epoch 36.
2024-02-05 09:15:06 - training_logger - INFO - 
Train loss
    main     mask  non_mask         curl
0.252348 0.252234  0.252691 56714.240876
Val loss
     mae     mape      rmse
7.373669 0.282276 12.261545
2024-02-05 09:15:06 - training_logger - INFO - Epoch 37.
2024-02-05 09:30:30 - training_logger - INFO - Save Model Parameters...
2024-02-05 09:30:30 - training_logger - INFO - 
Train loss
    main     mask  non_mask         curl
0.253324 0.253886  0.251635 52678.245752
Val loss
    mae     mape      rmse
7.10842 0.271509 11.831804
2024-02-05 09:30:30 - training_logger - INFO - Epoch 38.
2024-02-05 09:45:48 - training_logger - INFO - 
Train loss
    main     mask  non_mask         curl
0.248822 0.247458  0.252915 49367.735017
Val loss
     mae     mape      rmse
7.162255 0.273657 11.981575
2024-02-05 09:45:48 - training_logger - INFO - Epoch 39.
2024-02-05 10:01:07 - training_logger - INFO - 
Train loss
    main     mask  non_mask         curl
0.249674 0.248577  0.252963 46219.845361
Val loss
     mae     mape      rmse
7.191065 0.274537 12.021677
2024-02-05 10:01:07 - training_logger - INFO - Epoch 40.
2024-02-05 10:16:19 - training_logger - INFO - 
Train loss
    main     mask  non_mask         curl
0.248108 0.247816  0.248985 43311.579579
Val loss
     mae     mape      rmse
7.186417 0.275459 11.661516
2024-02-05 10:16:19 - training_logger - INFO - Epoch 41.
2024-02-05 10:31:33 - training_logger - INFO - 
Train loss
    main     mask  non_mask         curl
0.248213 0.248171  0.248337 42301.679659
Val loss
     mae     mape      rmse
7.113324 0.271811 11.914637
2024-02-05 10:31:33 - training_logger - INFO - Epoch 42.
2024-02-05 10:46:52 - training_logger - INFO - 
Train loss
    main     mask  non_mask        curl
0.249441 0.250001  0.247761 41460.35075
Val loss
     mae     mape      rmse
7.173974 0.274871 11.743849
2024-02-05 10:46:52 - training_logger - INFO - Epoch 43.
2024-02-05 11:02:07 - training_logger - INFO - 
Train loss
    main     mask  non_mask         curl
0.249024 0.249483  0.247647 40536.373375
Val loss
     mae     mape      rmse
7.197641 0.275668 11.915571
2024-02-05 11:02:07 - training_logger - INFO - Epoch 44.
2024-02-05 11:17:22 - training_logger - INFO - 
Train loss
    main     mask  non_mask         curl
0.246964 0.246782  0.247511 39479.281378
Val loss
     mae    mape      rmse
7.183759 0.27455 11.723811
2024-02-05 11:17:22 - training_logger - INFO - Epoch 45.
2024-02-05 11:32:34 - training_logger - INFO - 
Train loss
   main     mask  non_mask         curl
0.24607 0.245819  0.246825 38134.011933
Val loss
    mae     mape      rmse
7.12344 0.272306 11.897776
2024-02-05 11:32:34 - training_logger - INFO - Epoch 46.
2024-02-05 11:47:43 - training_logger - INFO - 
Train loss
   main     mask  non_mask         curl
0.24603 0.245578  0.247383 36726.631316
Val loss
     mae     mape      rmse
7.180964 0.274736 11.648107
2024-02-05 11:47:43 - training_logger - INFO - Epoch 47.
2024-02-05 12:03:04 - training_logger - INFO - 
Train loss
    main     mask  non_mask         curl
0.245384 0.244759  0.247259 35749.235045
Val loss
     mae     mape      rmse
7.109656 0.272063 11.599156
2024-02-05 12:03:04 - training_logger - INFO - Epoch 48.
2024-02-05 12:18:20 - training_logger - INFO - Save Model Parameters...
2024-02-05 12:18:20 - training_logger - INFO - 
Train loss
    main     mask  non_mask         curl
0.248704 0.249662   0.24583 34407.570234
Val loss
     mae     mape      rmse
7.076752 0.270847 11.451707
2024-02-05 12:18:20 - training_logger - INFO - Epoch 49.
2024-02-05 12:33:33 - training_logger - INFO - 
Train loss
    main     mask  non_mask         curl
0.244381 0.243548  0.246877 33603.424498
Val loss
     mae     mape      rmse
7.120977 0.272101 12.034158
2024-02-05 12:33:33 - training_logger - INFO - Training process completed.
2024-02-05 12:35:47 - training_logger - INFO - 
Test loss
      mae     mape     rmse
11.329293 0.235846 19.82234
