2024-02-06 19:54:27 - training_logger - INFO - 
       arg_name                   value       source  state
      acc_steps                       1   model.json   USED
     batch_size                      16   model.json   USED
    config_file                   model default.json   USED
    data_folder /home/user/data/air2018 default.json   USED
       dim_feed                      48     terminal   USED
     drop_limit                     0.5 default.json   USED
      dym_graph                    True   model.json   USED
         epochs                      50   model.json   USED
        hid_dim                      64   model.json   USED
     hid_layers                       2   model.json   USED
          k_top                       6   model.json   USED
          label                    pm25   model.json   USED
             lr                   0.001 default.json   USED
     mask_ratio                    0.25 default.json   USED
       max_step                       4   model.json   USED
        mm_size                       0   model.json   USED
          nhead                       1   model.json   USED
     non_linear                    gelu   model.json   USED
    num_workers                       4   model.json   USED
prefetch_factor                       2   model.json   USED
    ring_layers                       3   model.json   USED
    s_embed_dim                       2   model.json FORCED
      skip_step                       4 default.json   USED
       st_embed                  simple   model.json   USED
 step_embed_dim                       6   model.json   USED
    t_embed_dim                       8   model.json   USED
 time_embed_dim                       8   model.json   USED
        w_decay                 0.00001 default.json   USED
  weight_layers                       3   model.json   USED
     which_data                   large   model.json   USED
         window                       6 default.json   USED
  wth_embed_dim                      16   model.json   USED
2024-02-06 19:54:27 - training_logger - INFO - Device num: 1
2024-02-06 19:54:27 - training_logger - INFO - Device: cuda
2024-02-06 19:54:43 - training_logger - INFO - Starting the training process...
2024-02-06 19:54:43 - training_logger - INFO - Epoch 0.
2024-02-06 20:01:27 - training_logger - INFO - 
Train loss
    main     mask  non_mask         curl
0.364436 0.365138  0.362328 19129.903755
2024-02-06 20:01:27 - training_logger - INFO - Epoch 1.
2024-02-06 20:08:13 - training_logger - INFO - 
Train loss
    main     mask  non_mask        curl
0.271325 0.270319  0.274344 8643.788082
2024-02-06 20:08:13 - training_logger - INFO - Epoch 2.
2024-02-06 20:15:00 - training_logger - INFO - 
Train loss
    main     mask  non_mask        curl
0.269614 0.270062  0.268268 6458.864753
2024-02-06 20:15:00 - training_logger - INFO - Epoch 3.
2024-02-06 20:21:41 - training_logger - INFO - 
Train loss
    main     mask  non_mask        curl
0.268936 0.269743  0.266514 5035.214067
2024-02-06 20:21:41 - training_logger - INFO - Epoch 4.
2024-02-06 20:28:25 - training_logger - INFO - 
Train loss
    main     mask  non_mask        curl
0.266262 0.265823  0.267581 4222.610352
2024-02-06 20:28:25 - training_logger - INFO - Epoch 5.
2024-02-06 20:35:09 - training_logger - INFO - 
Train loss
    main     mask  non_mask        curl
0.265503 0.265418  0.265758 3555.149858
2024-02-06 20:35:09 - training_logger - INFO - Epoch 6.
2024-02-06 20:41:46 - training_logger - INFO - 
Train loss
    main     mask  non_mask        curl
0.264798 0.264615   0.26535 3092.946155
2024-02-06 20:41:46 - training_logger - INFO - Epoch 7.
2024-02-06 20:48:28 - training_logger - INFO - 
Train loss
    main     mask  non_mask       curl
0.263402 0.262615  0.265764 2744.55494
2024-02-06 20:48:28 - training_logger - INFO - Epoch 8.
2024-02-06 20:55:28 - training_logger - INFO - 
Train loss
    main     mask  non_mask        curl
0.266144 0.266865  0.263982 2351.136779
2024-02-06 20:55:28 - training_logger - INFO - Epoch 9.
2024-02-06 21:02:14 - training_logger - INFO - 
Train loss
    main     mask  non_mask        curl
0.265259 0.265635  0.264131 2178.041441
2024-02-06 21:02:14 - training_logger - INFO - Epoch 10.
2024-02-06 21:09:07 - training_logger - INFO - 
Train loss
    main     mask  non_mask        curl
0.263124 0.262631  0.264604 1939.019997
2024-02-06 21:09:07 - training_logger - INFO - Epoch 11.
2024-02-06 21:15:51 - training_logger - INFO - 
Train loss
   main     mask  non_mask       curl
0.26456 0.264826   0.26376 1772.80094
2024-02-06 21:15:51 - training_logger - INFO - Epoch 12.
2024-02-06 21:22:35 - training_logger - INFO - 
Train loss
    main     mask  non_mask        curl
0.262893 0.262567  0.263872 1644.283966
2024-02-06 21:22:35 - training_logger - INFO - Epoch 13.
2024-02-06 21:29:20 - training_logger - INFO - 
Train loss
    main     mask  non_mask        curl
0.264003 0.264339  0.262997 1476.933896
2024-02-06 21:29:20 - training_logger - INFO - Epoch 14.
2024-02-06 21:35:54 - training_logger - INFO - 
Train loss
    main     mask  non_mask        curl
0.262982 0.262845  0.263391 1383.158789
2024-02-06 21:35:54 - training_logger - INFO - Epoch 15.
2024-02-06 21:42:39 - training_logger - INFO - 
Train loss
    main     mask  non_mask        curl
0.263323 0.263538  0.262679 1175.826654
2024-02-06 21:42:39 - training_logger - INFO - Epoch 16.
2024-02-06 21:49:31 - training_logger - INFO - 
Train loss
    main     mask  non_mask        curl
0.263345 0.263666  0.262383 1061.150694
2024-02-06 21:49:31 - training_logger - INFO - Epoch 17.
2024-02-06 21:56:11 - training_logger - INFO - 
Train loss
    main     mask  non_mask       curl
0.262657 0.262574  0.262907 888.366153
2024-02-06 21:56:11 - training_logger - INFO - Epoch 18.
2024-02-06 22:02:57 - training_logger - INFO - 
Train loss
    main     mask  non_mask       curl
0.263068 0.263355  0.262208 774.598382
2024-02-06 22:02:57 - training_logger - INFO - Epoch 19.
2024-02-06 22:09:43 - training_logger - INFO - 
Train loss
    main     mask  non_mask       curl
0.262085 0.261935  0.262537 657.347121
2024-02-06 22:09:43 - training_logger - INFO - Epoch 20.
2024-02-06 22:16:32 - training_logger - INFO - 
Train loss
    main     mask  non_mask       curl
0.262769 0.263113  0.261738 563.987158
2024-02-06 22:16:32 - training_logger - INFO - Epoch 21.
2024-02-06 22:23:14 - training_logger - INFO - 
Train loss
    main     mask  non_mask       curl
0.259877 0.258789  0.263139 416.844672
2024-02-06 22:23:14 - training_logger - INFO - Epoch 22.
2024-02-06 22:30:09 - training_logger - INFO - 
Train loss
    main    mask  non_mask       curl
0.262595 0.26305  0.261232 338.714998
2024-02-06 22:30:09 - training_logger - INFO - Epoch 23.
2024-02-06 22:36:55 - training_logger - INFO - 
Train loss
    main    mask  non_mask       curl
0.261986 0.26199  0.261971 284.356665
2024-02-06 22:36:55 - training_logger - INFO - Epoch 24.
2024-02-06 22:43:31 - training_logger - INFO - 
Train loss
    main     mask  non_mask       curl
0.261141 0.261019  0.261508 244.868098
2024-02-06 22:43:31 - training_logger - INFO - Epoch 25.
2024-02-06 22:50:36 - training_logger - INFO - 
Train loss
    main     mask  non_mask       curl
0.261387 0.261487  0.261088 212.556808
2024-02-06 22:50:36 - training_logger - INFO - Epoch 26.
2024-02-06 22:57:12 - training_logger - INFO - 
Train loss
    main     mask  non_mask       curl
0.258594 0.257277  0.262543 189.180221
2024-02-06 22:57:12 - training_logger - INFO - Epoch 27.
2024-02-06 23:04:05 - training_logger - INFO - 
Train loss
    main    mask  non_mask       curl
0.261338 0.26148  0.260914 163.092923
2024-02-06 23:04:05 - training_logger - INFO - Epoch 28.
2024-02-06 23:11:03 - training_logger - INFO - 
Train loss
    main    mask  non_mask      curl
0.262006 0.26283  0.259536 145.04516
2024-02-06 23:11:03 - training_logger - INFO - Epoch 29.
2024-02-06 23:17:44 - training_logger - INFO - 
Train loss
    main     mask  non_mask       curl
0.260586 0.260502  0.260839 129.324334
2024-02-06 23:17:44 - training_logger - INFO - Epoch 30.
2024-02-06 23:24:23 - training_logger - INFO - 
Train loss
    main     mask  non_mask       curl
0.259566 0.259228  0.260581 123.277824
2024-02-06 23:24:23 - training_logger - INFO - Epoch 31.
2024-02-06 23:31:05 - training_logger - INFO - 
Train loss
    main     mask  non_mask      curl
0.259846 0.259932   0.25959 108.52529
2024-02-06 23:31:05 - training_logger - INFO - Epoch 32.
2024-02-06 23:37:54 - training_logger - INFO - 
Train loss
    main     mask  non_mask       curl
0.257724 0.256871  0.260282 102.842482
2024-02-06 23:37:54 - training_logger - INFO - Epoch 33.
2024-02-06 23:44:34 - training_logger - INFO - 
Train loss
    main     mask  non_mask       curl
0.259779 0.260076  0.258886 102.163486
2024-02-06 23:44:34 - training_logger - INFO - Epoch 34.
2024-02-06 23:51:11 - training_logger - INFO - 
Train loss
    main     mask  non_mask      curl
0.257677 0.257067  0.259507 97.132303
2024-02-06 23:51:11 - training_logger - INFO - Epoch 35.
2024-02-07 00:00:17 - training_logger - INFO - Save Model Parameters...
2024-02-07 00:00:17 - training_logger - INFO - 
Train loss
    main     mask  non_mask      curl
0.258951 0.259305   0.25789 91.024474
Val loss
     mae     mape      rmse
7.247253 0.276346 12.225372
2024-02-07 00:00:17 - training_logger - INFO - Epoch 36.
2024-02-07 00:09:20 - training_logger - INFO - Save Model Parameters...
2024-02-07 00:09:20 - training_logger - INFO - 
Train loss
   main     mask  non_mask      curl
0.25683 0.256928  0.256536 86.462087
Val loss
     mae     mape      rmse
7.244208 0.277629 11.991834
2024-02-07 00:09:20 - training_logger - INFO - Epoch 37.
2024-02-07 00:18:24 - training_logger - INFO - Save Model Parameters...
2024-02-07 00:18:24 - training_logger - INFO - 
Train loss
    main     mask  non_mask      curl
0.258703 0.259545  0.256175 80.716042
Val loss
     mae     mape      rmse
7.183624 0.274424 11.807238
2024-02-07 00:18:24 - training_logger - INFO - Epoch 38.
2024-02-07 00:27:37 - training_logger - INFO - Save Model Parameters...
2024-02-07 00:27:37 - training_logger - INFO - 
Train loss
    main     mask  non_mask      curl
0.256997 0.257416   0.25574 78.020765
Val loss
     mae     mape      rmse
7.170536 0.273367 11.978057
2024-02-07 00:27:37 - training_logger - INFO - Epoch 39.
2024-02-07 00:36:42 - training_logger - INFO - 
Train loss
    main     mask  non_mask      curl
0.252145 0.250696  0.256493 74.385283
Val loss
     mae     mape      rmse
7.172562 0.274312 11.904453
2024-02-07 00:36:42 - training_logger - INFO - Epoch 40.
2024-02-07 00:45:42 - training_logger - INFO - Save Model Parameters...
2024-02-07 00:45:43 - training_logger - INFO - 
Train loss
   main     mask  non_mask      curl
0.25272 0.252408  0.253654 77.173978
Val loss
     mae     mape      rmse
7.168177 0.274266 11.884617
2024-02-07 00:45:43 - training_logger - INFO - Epoch 41.
2024-02-07 00:55:00 - training_logger - INFO - 
Train loss
   main     mask  non_mask      curl
0.25321 0.253751  0.251588 90.407663
Val loss
     mae     mape      rmse
7.176491 0.274222 12.041177
2024-02-07 00:55:00 - training_logger - INFO - Epoch 42.
2024-02-07 01:04:03 - training_logger - INFO - Save Model Parameters...
2024-02-07 01:04:03 - training_logger - INFO - 
Train loss
    main     mask  non_mask      curl
0.249128 0.248086  0.252255 92.889172
Val loss
     mae     mape      rmse
7.111313 0.271562 11.986209
2024-02-07 01:04:03 - training_logger - INFO - Epoch 43.
2024-02-07 01:13:15 - training_logger - INFO - 
Train loss
    main     mask  non_mask       curl
0.249959 0.249257  0.252064 111.044876
Val loss
     mae     mape      rmse
7.123369 0.271717 12.041308
2024-02-07 01:13:15 - training_logger - INFO - Epoch 44.
2024-02-07 01:22:16 - training_logger - INFO - Save Model Parameters...
2024-02-07 01:22:16 - training_logger - INFO - 
Train loss
    main     mask  non_mask       curl
0.247791 0.246405  0.251951 116.440455
Val loss
     mae     mape     rmse
7.081779 0.270965 11.65111
2024-02-07 01:22:16 - training_logger - INFO - Epoch 45.
2024-02-07 01:31:20 - training_logger - INFO - 
Train loss
    main     mask  non_mask      curl
0.248973 0.248407  0.250673 123.16326
Val loss
     mae     mape     rmse
7.088678 0.270774 11.84817
2024-02-07 01:31:20 - training_logger - INFO - Epoch 46.
2024-02-07 01:40:37 - training_logger - INFO - Save Model Parameters...
2024-02-07 01:40:37 - training_logger - INFO - 
Train loss
    main     mask  non_mask      curl
0.249538 0.249477  0.249723 127.91186
Val loss
     mae     mape      rmse
7.058421 0.270796 11.616136
2024-02-07 01:40:37 - training_logger - INFO - Epoch 47.
2024-02-07 01:49:58 - training_logger - INFO - 
Train loss
    main     mask  non_mask       curl
0.247278 0.246319  0.250156 142.953501
Val loss
     mae     mape      rmse
7.090272 0.271762 11.881993
2024-02-07 01:49:58 - training_logger - INFO - Epoch 48.
2024-02-07 01:59:12 - training_logger - INFO - 
Train loss
    main     mask  non_mask       curl
0.249848 0.250343  0.248363 153.589449
Val loss
     mae     mape      rmse
7.085942 0.270624 12.024081
2024-02-07 01:59:12 - training_logger - INFO - Epoch 49.
2024-02-07 02:08:19 - training_logger - INFO - 
Train loss
    main     mask  non_mask       curl
0.248102 0.247829  0.248919 162.675541
Val loss
    mae     mape      rmse
7.07055 0.270587 11.735782
2024-02-07 02:08:19 - training_logger - INFO - Training process completed.
2024-02-07 02:10:31 - training_logger - INFO - 
Test loss
      mae     mape      rmse
11.628946 0.242165 20.479555
