2024-01-03 16:47:32 - training_logger - INFO - 
       arg_name             value       source  state
      acc_steps                 4   model.json   USED
     batch_size                 1   model.json   USED
    config_file             model default.json   USED
    data_folder /home/yutong/data default.json   USED
       dim_feed                64   model.json   USED
     drop_limit               0.5 default.json   USED
         epochs                50   model.json   USED
        hid_dim                64   model.json   USED
     hid_layers                 3   model.json   USED
          k_top                 6 default.json   USED
             lr             0.001 default.json   USED
     mask_ratio               0.5 default.json   USED
       max_step                 4   model.json   USED
        mm_size               256   model.json   USED
          nhead                 4   model.json   USED
     non_linear              gelu   model.json   USED
    num_workers                 3   model.json   USED
prefetch_factor                 4   model.json   USED
    ring_layers                 4   model.json   USED
    s_embed_dim                 2   model.json FORCED
       st_embed            simple   model.json   USED
 step_embed_dim                 6   model.json   USED
    t_embed_dim                 8   model.json   USED
 time_embed_dim                 8   model.json   USED
        w_decay           0.00001 default.json   USED
  weight_layers                 2   model.json   USED
     which_data             large   model.json   USED
         window                24   model.json   USED
  wth_embed_dim                16   model.json   USED
2024-01-03 16:47:32 - training_logger - INFO - Device num: 1
2024-01-03 16:47:32 - training_logger - INFO - Device: cuda
2024-01-03 16:48:13 - training_logger - INFO - Starting the training process...
2024-01-03 16:48:13 - training_logger - INFO - Epoch 0.
2024-01-03 17:20:27 - training_logger - INFO - 
Train loss
    main     mask  non_mask         curl
0.227766 0.227685  0.227846 11775.420508
2024-01-03 17:20:27 - training_logger - INFO - Epoch 1.
2024-01-03 17:52:37 - training_logger - INFO - 
Train loss
   main     mask  non_mask         curl
0.19032 0.190929  0.189711 10311.479082
2024-01-03 17:52:37 - training_logger - INFO - Epoch 2.
2024-01-03 18:24:56 - training_logger - INFO - 
Train loss
   main     mask  non_mask         curl
0.17188 0.171224  0.172537 13560.042622
2024-01-03 18:24:56 - training_logger - INFO - Epoch 3.
2024-01-03 18:57:25 - training_logger - INFO - 
Train loss
    main     mask  non_mask         curl
0.164475 0.163598  0.165352 22334.900357
2024-01-03 18:57:25 - training_logger - INFO - Epoch 4.
2024-01-03 19:29:26 - training_logger - INFO - 
Train loss
   main     mask  non_mask         curl
0.15956 0.160011  0.159109 30619.527488
2024-01-03 19:29:26 - training_logger - INFO - Epoch 5.
2024-01-03 20:01:11 - training_logger - INFO - 
Train loss
    main     mask  non_mask         curl
0.156435 0.155916  0.156953 32939.471383
2024-01-03 20:01:11 - training_logger - INFO - Epoch 6.
2024-01-03 20:33:22 - training_logger - INFO - 
Train loss
    main     mask  non_mask         curl
0.153227 0.152343  0.154112 36524.968677
2024-01-03 20:33:22 - training_logger - INFO - Epoch 7.
2024-01-03 21:05:25 - training_logger - INFO - 
Train loss
    main     mask  non_mask         curl
0.150856 0.150736  0.150975 40337.945629
2024-01-03 21:05:25 - training_logger - INFO - Epoch 8.
2024-01-03 21:38:08 - training_logger - INFO - 
Train loss
    main     mask  non_mask         curl
0.149902 0.149697  0.150107 43927.610058
2024-01-03 21:38:08 - training_logger - INFO - Epoch 9.
2024-01-03 22:10:10 - training_logger - INFO - 
Train loss
    main     mask  non_mask         curl
0.147522 0.148341  0.146702 45859.611315
2024-01-03 22:10:10 - training_logger - INFO - Epoch 10.
2024-01-03 22:48:47 - training_logger - INFO - Save Model Parameters...
2024-01-03 22:48:47 - training_logger - INFO - 
Train loss
    main     mask  non_mask         curl
0.146149 0.146275  0.146023 49460.675161
Val loss
     mae     mape     rmse
5.783849 0.227027 9.394614
2024-01-03 22:48:47 - training_logger - INFO - Epoch 11.
2024-01-03 23:27:49 - training_logger - INFO - 
Train loss
    main     mask  non_mask         curl
0.145861 0.145942  0.145781 48480.183403
Val loss
    mae     mape     rmse
5.81921 0.228575 9.511647
2024-01-03 23:27:49 - training_logger - INFO - Epoch 12.
2024-01-04 00:06:34 - training_logger - INFO - Save Model Parameters...
2024-01-04 00:06:34 - training_logger - INFO - 
Train loss
    main     mask  non_mask         curl
0.144702 0.143851  0.145553 50467.485107
Val loss
     mae     mape     rmse
5.780805 0.226532 9.376454
2024-01-04 00:06:34 - training_logger - INFO - Epoch 13.
2024-01-04 00:44:58 - training_logger - INFO - Save Model Parameters...
2024-01-04 00:44:58 - training_logger - INFO - 
Train loss
    main     mask  non_mask         curl
0.144276 0.145662  0.142891 51021.106003
Val loss
    mae     mape     rmse
5.75132 0.225861 9.304388
2024-01-04 00:44:58 - training_logger - INFO - Epoch 14.
2024-01-04 01:23:14 - training_logger - INFO - 
Train loss
    main     mask  non_mask         curl
0.142883 0.142665  0.143101 56548.612245
Val loss
     mae     mape     rmse
5.766091 0.226153 9.362306
2024-01-04 01:23:14 - training_logger - INFO - Epoch 15.
2024-01-04 02:02:50 - training_logger - INFO - Save Model Parameters...
2024-01-04 02:02:50 - training_logger - INFO - 
Train loss
    main     mask  non_mask         curl
0.141531 0.141064  0.141997 52283.782577
Val loss
     mae     mape     rmse
5.721037 0.224384 9.378376
2024-01-04 02:02:50 - training_logger - INFO - Epoch 16.
2024-01-04 02:42:19 - training_logger - INFO - Save Model Parameters...
2024-01-04 02:42:19 - training_logger - INFO - 
Train loss
    main     mask  non_mask         curl
0.141093 0.140545  0.141642 51669.900788
Val loss
     mae     mape     rmse
5.707869 0.224036 9.191196
2024-01-04 02:42:19 - training_logger - INFO - Epoch 17.
2024-01-04 03:21:47 - training_logger - INFO - 
Train loss
    main     mask  non_mask         curl
0.140951 0.139987  0.141915 50425.159489
Val loss
     mae     mape     rmse
5.780536 0.227008 9.382565
2024-01-04 03:21:47 - training_logger - INFO - Epoch 18.
2024-01-04 04:01:13 - training_logger - INFO - 
Train loss
    main     mask  non_mask         curl
0.139373 0.139764  0.138982 55012.013678
Val loss
     mae     mape     rmse
5.722448 0.224497 9.360415
2024-01-04 04:01:13 - training_logger - INFO - Epoch 19.
2024-01-04 04:40:42 - training_logger - INFO - 
Train loss
    main     mask  non_mask         curl
0.138269 0.137471  0.139067 54565.832107
Val loss
     mae     mape     rmse
5.778235 0.225956 9.514761
2024-01-04 04:40:42 - training_logger - INFO - Epoch 20.
2024-01-04 05:19:54 - training_logger - INFO - Save Model Parameters...
2024-01-04 05:19:54 - training_logger - INFO - 
Train loss
    main     mask  non_mask         curl
0.138976 0.139848  0.138103 50765.761925
Val loss
     mae     mape     rmse
5.676528 0.222873 9.324224
2024-01-04 05:19:54 - training_logger - INFO - Epoch 21.
2024-01-04 05:58:45 - training_logger - INFO - Save Model Parameters...
2024-01-04 05:58:45 - training_logger - INFO - 
Train loss
    main    mask  non_mask         curl
0.138139 0.13827  0.138008 45865.590515
Val loss
     mae     mape     rmse
5.626556 0.220779 9.236685
2024-01-04 05:58:45 - training_logger - INFO - Epoch 22.
2024-01-04 06:38:15 - training_logger - INFO - 
Train loss
    main    mask  non_mask         curl
0.137923 0.13756  0.138286 51543.230159
Val loss
     mae     mape     rmse
5.672888 0.222678 9.258118
2024-01-04 06:38:15 - training_logger - INFO - Epoch 23.
2024-01-04 07:17:40 - training_logger - INFO - 
Train loss
    main     mask  non_mask         curl
0.137176 0.137149  0.137204 50049.784977
Val loss
     mae     mape     rmse
5.666832 0.222477 9.201685
2024-01-04 07:17:40 - training_logger - INFO - Epoch 24.
2024-01-04 07:56:50 - training_logger - INFO - 
Train loss
    main     mask  non_mask        curl
0.136839 0.137576  0.136103 47464.56933
Val loss
     mae     mape     rmse
5.688982 0.223562 9.288449
2024-01-04 07:56:50 - training_logger - INFO - Epoch 25.
2024-01-04 08:36:28 - training_logger - INFO - 
Train loss
    main     mask  non_mask         curl
0.137542 0.137118  0.137966 49477.567426
Val loss
     mae     mape     rmse
5.772942 0.226813 9.386081
2024-01-04 08:36:28 - training_logger - INFO - Epoch 26.
2024-01-04 09:15:20 - training_logger - INFO - 
Train loss
    main     mask  non_mask         curl
0.136391 0.135424  0.137358 50047.234417
Val loss
     mae     mape     rmse
5.645728 0.221504 9.167184
2024-01-04 09:15:20 - training_logger - INFO - Epoch 27.
2024-01-04 09:54:54 - training_logger - INFO - 
Train loss
    main    mask  non_mask         curl
0.135633 0.13588  0.135387 40561.448118
Val loss
     mae     mape     rmse
5.659424 0.222154 9.174266
2024-01-04 09:54:54 - training_logger - INFO - Epoch 28.
2024-01-04 10:34:39 - training_logger - INFO - 
Train loss
    main    mask  non_mask         curl
0.135124 0.13499  0.135257 42262.992101
Val loss
     mae     mape     rmse
5.627915 0.220937 9.358005
2024-01-04 10:34:39 - training_logger - INFO - Epoch 29.
2024-01-04 11:13:50 - training_logger - INFO - 
Train loss
    main     mask  non_mask         curl
0.135574 0.134989  0.136159 40279.806388
Val loss
     mae    mape     rmse
5.657874 0.22218 9.385796
2024-01-04 11:13:50 - training_logger - INFO - Epoch 30.
2024-01-04 11:53:18 - training_logger - INFO - Save Model Parameters...
2024-01-04 11:53:18 - training_logger - INFO - 
Train loss
    main    mask  non_mask         curl
0.134781 0.13354  0.136023 42301.443942
Val loss
     mae     mape     rmse
5.603198 0.219822 9.156916
2024-01-04 11:53:18 - training_logger - INFO - Epoch 31.
2024-01-04 12:33:23 - training_logger - INFO - 
Train loss
    main     mask  non_mask        curl
0.135089 0.134636  0.135542 49328.73003
Val loss
     mae     mape     rmse
5.721148 0.224708 9.340868
2024-01-04 12:33:23 - training_logger - INFO - Epoch 32.
2024-01-04 13:14:02 - training_logger - INFO - 
Train loss
    main     mask  non_mask         curl
0.134228 0.135305   0.13315 43434.198325
Val loss
     mae     mape     rmse
5.723043 0.224923 9.400181
2024-01-04 13:14:02 - training_logger - INFO - Epoch 33.
2024-01-04 13:58:26 - training_logger - INFO - 
Train loss
    main     mask  non_mask         curl
0.134317 0.134954   0.13368 43828.780804
Val loss
     mae     mape     rmse
5.733192 0.225202 9.440797
2024-01-04 13:58:26 - training_logger - INFO - Epoch 34.
2024-01-04 14:46:02 - training_logger - INFO - 
Train loss
 main     mask  non_mask         curl
0.134 0.134441   0.13356 42433.355232
Val loss
     mae     mape     rmse
5.649213 0.221731 9.285306
2024-01-04 14:46:02 - training_logger - INFO - Epoch 35.
2024-01-04 15:33:21 - training_logger - INFO - 
Train loss
    main     mask  non_mask         curl
0.133249 0.133563  0.132934 41586.438248
Val loss
     mae     mape     rmse
5.699915 0.223734 9.325382
2024-01-04 15:33:21 - training_logger - INFO - Epoch 36.
2024-01-04 16:14:13 - training_logger - INFO - 
Train loss
    main     mask  non_mask         curl
0.133461 0.133472  0.133451 40533.932931
Val loss
   mae    mape     rmse
5.6964 0.22353 9.376803
2024-01-04 16:14:13 - training_logger - INFO - Epoch 37.
2024-01-04 16:54:30 - training_logger - INFO - 
Train loss
    main     mask  non_mask         curl
0.133109 0.134067   0.13215 42842.477751
Val loss
     mae     mape     rmse
5.700411 0.223877 9.545365
2024-01-04 16:54:30 - training_logger - INFO - Epoch 38.
2024-01-04 17:35:16 - training_logger - INFO - 
Train loss
    main     mask  non_mask         curl
0.132484 0.132575  0.132393 44916.427874
Val loss
     mae     mape     rmse
5.629621 0.220963 9.329516
2024-01-04 17:35:16 - training_logger - INFO - Epoch 39.
2024-01-04 18:15:34 - training_logger - INFO - 
Train loss
    main     mask  non_mask         curl
0.133351 0.132776  0.133926 50090.133273
Val loss
     mae     mape     rmse
5.692075 0.223373 9.327006
2024-01-04 18:15:34 - training_logger - INFO - Epoch 40.
2024-01-04 18:55:41 - training_logger - INFO - Save Model Parameters...
2024-01-04 18:55:41 - training_logger - INFO - 
Train loss
    main     mask  non_mask         curl
0.129437 0.128972  0.129901 50119.537207
Val loss
     mae     mape     rmse
5.551846 0.217929 9.187783
2024-01-04 18:55:41 - training_logger - INFO - Epoch 41.
2024-01-04 19:36:00 - training_logger - INFO - 
Train loss
    main     mask  non_mask         curl
0.129031 0.128019  0.130044 51029.722885
Val loss
     mae     mape     rmse
5.607209 0.220277 9.310576
2024-01-04 19:36:00 - training_logger - INFO - Epoch 42.
2024-01-04 20:16:15 - training_logger - INFO - 
Train loss
    main     mask  non_mask         curl
0.128502 0.129225  0.127779 51504.740456
Val loss
     mae     mape     rmse
5.591792 0.219456 9.133385
2024-01-04 20:16:15 - training_logger - INFO - Epoch 43.
2024-01-04 20:56:34 - training_logger - INFO - 
Train loss
    main     mask  non_mask         curl
0.128528 0.127636   0.12942 52655.298253
Val loss
     mae     mape     rmse
5.590182 0.219022 9.220521
2024-01-04 20:56:34 - training_logger - INFO - Epoch 44.
2024-01-04 21:37:58 - training_logger - INFO - 
Train loss
    main     mask  non_mask         curl
0.128063 0.128776  0.127351 55331.724522
Val loss
     mae     mape     rmse
5.625667 0.220569 9.276965
2024-01-04 21:37:58 - training_logger - INFO - Epoch 45.
2024-01-04 22:20:09 - training_logger - INFO - 
Train loss
    main    mask  non_mask         curl
0.127912 0.12774  0.128084 52650.969173
Val loss
     mae    mape     rmse
5.581001 0.21932 9.274751
2024-01-04 22:20:09 - training_logger - INFO - Epoch 46.
2024-01-04 23:00:09 - training_logger - INFO - 
Train loss
    main     mask  non_mask         curl
0.128476 0.127288  0.129663 53799.167887
Val loss
     mae     mape     rmse
5.573397 0.218524 9.225441
2024-01-04 23:00:09 - training_logger - INFO - Epoch 47.
2024-01-04 23:39:05 - training_logger - INFO - 
Train loss
    main     mask  non_mask         curl
0.127651 0.127804  0.127498 52819.559389
Val loss
     mae     mape     rmse
5.800036 0.227758 9.392232
2024-01-04 23:39:05 - training_logger - INFO - Epoch 48.
2024-01-05 00:18:12 - training_logger - INFO - 
Train loss
    main     mask  non_mask         curl
0.127798 0.128019  0.127577 50745.214172
Val loss
     mae     mape     rmse
5.636256 0.221243 9.198194
2024-01-05 00:18:12 - training_logger - INFO - Epoch 49.
2024-01-05 00:57:22 - training_logger - INFO - 
Train loss
    main     mask  non_mask         curl
0.127027 0.127191  0.126862 49477.576346
Val loss
     mae     mape  rmse
5.581325 0.219214 9.145
2024-01-05 00:57:22 - training_logger - INFO - Training process completed.
2024-01-05 01:04:14 - training_logger - INFO - 
Test loss
     mae     mape      rmse
7.891435 0.174129 13.583765
