2024-02-03 14:54:25 - training_logger - INFO - 
       arg_name                   value       source  state
      acc_steps                       1   model.json   USED
     batch_size                      16   model.json   USED
    config_file                   model default.json   USED
    data_folder /home/user/data/air2018 default.json   USED
       dim_feed                      64   model.json   USED
     drop_limit                     0.5 default.json   USED
      dym_graph                    True   model.json   USED
         epochs                      50   model.json   USED
        hid_dim                      64   model.json   USED
     hid_layers                       2   model.json   USED
          k_top                       6   model.json   USED
          label                    pm25   model.json   USED
             lr                   0.001 default.json   USED
     mask_ratio                    0.25 default.json   USED
       max_step                       2     terminal   USED
        mm_size                       0   model.json   USED
          nhead                       1   model.json   USED
     non_linear                    gelu   model.json   USED
    num_workers                       4   model.json   USED
prefetch_factor                       2   model.json   USED
    ring_layers                       3   model.json   USED
    s_embed_dim                       2   model.json FORCED
      skip_step                       1 default.json   USED
       st_embed                  simple   model.json   USED
 step_embed_dim                       6   model.json   USED
    t_embed_dim                       8   model.json   USED
 time_embed_dim                       8   model.json   USED
        w_decay                 0.00001 default.json   USED
  weight_layers                       3   model.json   USED
     which_data                   large   model.json   USED
         window                       6 default.json   USED
  wth_embed_dim                      16   model.json   USED
2024-02-03 14:54:25 - training_logger - INFO - Device num: 1
2024-02-03 14:54:25 - training_logger - INFO - Device: cuda
2024-02-03 14:54:40 - training_logger - INFO - Starting the training process...
2024-02-03 14:54:40 - training_logger - INFO - Epoch 0.
2024-02-03 15:01:34 - training_logger - INFO - 
Train loss
    main    mask  non_mask         curl
0.299617 0.29996  0.298585 12033.145661
2024-02-03 15:01:34 - training_logger - INFO - Epoch 1.
2024-02-03 15:08:20 - training_logger - INFO - 
Train loss
    main     mask  non_mask        curl
0.270392 0.270858  0.268994 8948.440825
2024-02-03 15:08:20 - training_logger - INFO - Epoch 2.
2024-02-03 15:15:02 - training_logger - INFO - 
Train loss
    main     mask  non_mask        curl
0.266383 0.265446  0.269195 7636.389976
2024-02-03 15:15:02 - training_logger - INFO - Epoch 3.
2024-02-03 15:21:54 - training_logger - INFO - 
Train loss
    main     mask  non_mask        curl
0.266606 0.266317  0.267473 7221.030471
2024-02-03 15:21:54 - training_logger - INFO - Epoch 4.
2024-02-03 15:28:40 - training_logger - INFO - 
Train loss
    main     mask  non_mask        curl
0.265968 0.265447  0.267529 6851.336608
2024-02-03 15:28:40 - training_logger - INFO - Epoch 5.
2024-02-03 15:35:25 - training_logger - INFO - 
Train loss
    main     mask  non_mask        curl
0.266513 0.266539  0.266435 6841.538683
2024-02-03 15:35:25 - training_logger - INFO - Epoch 6.
2024-02-03 15:42:18 - training_logger - INFO - 
Train loss
    main     mask  non_mask        curl
0.266721 0.267227  0.265204 6447.882804
2024-02-03 15:42:18 - training_logger - INFO - Epoch 7.
2024-02-03 15:49:09 - training_logger - INFO - 
Train loss
    main     mask  non_mask        curl
0.264508 0.263875  0.266408 5978.719696
2024-02-03 15:49:09 - training_logger - INFO - Epoch 8.
2024-02-03 15:55:52 - training_logger - INFO - 
Train loss
    main     mask  non_mask        curl
0.265157 0.265199  0.265034 5522.951131
2024-02-03 15:55:52 - training_logger - INFO - Epoch 9.
2024-02-03 16:02:45 - training_logger - INFO - 
Train loss
    main     mask  non_mask        curl
0.265439 0.265696  0.264668 5162.413633
2024-02-03 16:02:45 - training_logger - INFO - Epoch 10.
2024-02-03 16:09:26 - training_logger - INFO - 
Train loss
    main     mask  non_mask        curl
0.263337 0.262639  0.265431 5050.818078
2024-02-03 16:09:26 - training_logger - INFO - Epoch 11.
2024-02-03 16:16:06 - training_logger - INFO - 
Train loss
    main     mask  non_mask        curl
0.262519 0.261525  0.265501 4934.695926
2024-02-03 16:16:06 - training_logger - INFO - Epoch 12.
2024-02-03 16:22:53 - training_logger - INFO - 
Train loss
    main     mask  non_mask       curl
0.262708 0.262252  0.264076 4735.51089
2024-02-03 16:22:53 - training_logger - INFO - Epoch 13.
2024-02-03 16:29:39 - training_logger - INFO - 
Train loss
    main     mask  non_mask        curl
0.265177 0.266165  0.262212 4580.422397
2024-02-03 16:29:39 - training_logger - INFO - Epoch 14.
2024-02-03 16:36:26 - training_logger - INFO - 
Train loss
   main     mask  non_mask        curl
0.25975 0.258432  0.263706 4539.591978
2024-02-03 16:36:26 - training_logger - INFO - Epoch 15.
2024-02-03 16:43:06 - training_logger - INFO - 
Train loss
    main     mask  non_mask       curl
0.262898 0.263241  0.261869 4383.57145
2024-02-03 16:43:06 - training_logger - INFO - Epoch 16.
2024-02-03 16:50:08 - training_logger - INFO - 
Train loss
    main     mask  non_mask        curl
0.264907 0.266342  0.260603 3956.169778
2024-02-03 16:50:08 - training_logger - INFO - Epoch 17.
2024-02-03 16:56:49 - training_logger - INFO - 
Train loss
    main     mask  non_mask        curl
0.263347 0.264345  0.260353 3850.002702
2024-02-03 16:56:49 - training_logger - INFO - Epoch 18.
2024-02-03 17:03:31 - training_logger - INFO - 
Train loss
    main     mask  non_mask        curl
0.260184 0.259711  0.261603 3540.531463
2024-02-03 17:03:31 - training_logger - INFO - Epoch 19.
2024-02-03 17:10:20 - training_logger - INFO - 
Train loss
    main     mask  non_mask       curl
0.259471 0.258847  0.261344 3295.34682
2024-02-03 17:10:20 - training_logger - INFO - Epoch 20.
2024-02-03 17:17:02 - training_logger - INFO - 
Train loss
   main     mask  non_mask        curl
0.26086 0.261452  0.259083 3071.190641
2024-02-03 17:17:02 - training_logger - INFO - Epoch 21.
2024-02-03 17:23:55 - training_logger - INFO - 
Train loss
    main     mask  non_mask        curl
0.258044 0.257316  0.260228 2903.947671
2024-02-03 17:23:55 - training_logger - INFO - Epoch 22.
2024-02-03 17:30:37 - training_logger - INFO - 
Train loss
    main     mask  non_mask        curl
0.257155 0.256166  0.260123 2810.491172
2024-02-03 17:30:37 - training_logger - INFO - Epoch 23.
2024-02-03 17:37:20 - training_logger - INFO - 
Train loss
    main    mask  non_mask       curl
0.259917 0.26062  0.257809 2856.89394
2024-02-03 17:37:20 - training_logger - INFO - Epoch 24.
2024-02-03 17:44:10 - training_logger - INFO - 
Train loss
   main     mask  non_mask        curl
0.25908 0.259533   0.25772 2654.928458
2024-02-03 17:44:10 - training_logger - INFO - Epoch 25.
2024-02-03 17:50:46 - training_logger - INFO - 
Train loss
    main     mask  non_mask        curl
0.256164 0.255497  0.258164 2319.343885
2024-02-03 17:50:46 - training_logger - INFO - Epoch 26.
2024-02-03 17:57:29 - training_logger - INFO - 
Train loss
    main     mask  non_mask       curl
0.255705 0.255129  0.257434 2166.74731
2024-02-03 17:57:29 - training_logger - INFO - Epoch 27.
2024-02-03 18:04:09 - training_logger - INFO - 
Train loss
    main     mask  non_mask        curl
0.255674 0.255352   0.25664 1934.749904
2024-02-03 18:04:09 - training_logger - INFO - Epoch 28.
2024-02-03 18:10:48 - training_logger - INFO - 
Train loss
    main     mask  non_mask        curl
0.255058 0.254493  0.256754 1789.537558
2024-02-03 18:10:48 - training_logger - INFO - Epoch 29.
2024-02-03 18:17:28 - training_logger - INFO - 
Train loss
    main     mask  non_mask       curl
0.255171 0.255189  0.255118 1616.99249
2024-02-03 18:17:28 - training_logger - INFO - Epoch 30.
2024-02-03 18:24:08 - training_logger - INFO - 
Train loss
    main     mask  non_mask        curl
0.256301 0.257115  0.253858 1555.864535
2024-02-03 18:24:08 - training_logger - INFO - Epoch 31.
2024-02-03 18:30:48 - training_logger - INFO - 
Train loss
    main     mask  non_mask        curl
0.255684 0.256368  0.253631 1629.201794
2024-02-03 18:30:48 - training_logger - INFO - Epoch 32.
2024-02-03 18:37:42 - training_logger - INFO - 
Train loss
    main     mask  non_mask        curl
0.250908 0.250125  0.253259 1596.188396
2024-02-03 18:37:42 - training_logger - INFO - Epoch 33.
2024-02-03 18:44:25 - training_logger - INFO - 
Train loss
    main    mask  non_mask        curl
0.252863 0.25345  0.251103 1421.742793
2024-02-03 18:44:25 - training_logger - INFO - Epoch 34.
2024-02-03 18:51:17 - training_logger - INFO - 
Train loss
    main     mask  non_mask        curl
0.250531 0.250767  0.249824 1231.781295
2024-02-03 18:51:17 - training_logger - INFO - Epoch 35.
2024-02-03 19:00:14 - training_logger - INFO - Save Model Parameters...
2024-02-03 19:00:14 - training_logger - INFO - 
Train loss
    main     mask  non_mask        curl
0.247986 0.247471   0.24953 1360.461568
Val loss
    mae     mape      rmse
7.08043 0.271287 11.982379
2024-02-03 19:00:14 - training_logger - INFO - Epoch 36.
2024-02-03 19:09:10 - training_logger - INFO - 
Train loss
    main     mask  non_mask        curl
0.251247 0.252544  0.247358 1323.455034
Val loss
     mae     mape      rmse
7.110016 0.271997 11.692918
2024-02-03 19:09:10 - training_logger - INFO - Epoch 37.
2024-02-03 19:18:20 - training_logger - INFO - 
Train loss
    main     mask  non_mask       curl
0.247675 0.247882  0.247054 1356.88342
Val loss
     mae     mape      rmse
7.117374 0.272431 11.944542
2024-02-03 19:18:20 - training_logger - INFO - Epoch 38.
2024-02-03 19:27:28 - training_logger - INFO - 
Train loss
    main     mask  non_mask        curl
0.245301 0.244435  0.247897 1241.565726
Val loss
    mae     mape      rmse
7.10445 0.272382 11.711657
2024-02-03 19:27:28 - training_logger - INFO - Epoch 39.
2024-02-03 19:36:36 - training_logger - INFO - 
Train loss
    main     mask  non_mask        curl
0.247115 0.246695  0.248376 1254.302141
Val loss
     mae     mape      rmse
7.092037 0.271006 11.785052
2024-02-03 19:36:36 - training_logger - INFO - Epoch 40.
2024-02-03 19:45:49 - training_logger - INFO - Save Model Parameters...
2024-02-03 19:45:49 - training_logger - INFO - 
Train loss
    main     mask  non_mask        curl
0.243612 0.243332  0.244453 1374.151331
Val loss
     mae     mape      rmse
7.061914 0.270083 11.816007
2024-02-03 19:45:49 - training_logger - INFO - Epoch 41.
2024-02-03 19:54:50 - training_logger - INFO - Save Model Parameters...
2024-02-03 19:54:50 - training_logger - INFO - 
Train loss
    main    mask  non_mask        curl
0.242794 0.24272  0.243018 1358.748529
Val loss
     mae     mape      rmse
7.061544 0.269908 11.621865
2024-02-03 19:54:50 - training_logger - INFO - Epoch 42.
2024-02-03 20:03:49 - training_logger - INFO - 
Train loss
    main     mask  non_mask        curl
0.240379 0.239296  0.243627 1350.292172
Val loss
     mae     mape      rmse
7.117341 0.272141 11.623036
2024-02-03 20:03:49 - training_logger - INFO - Epoch 43.
2024-02-03 20:12:49 - training_logger - INFO - Save Model Parameters...
2024-02-03 20:12:49 - training_logger - INFO - 
Train loss
    main     mask  non_mask        curl
0.241697 0.241553   0.24213 1402.191179
Val loss
     mae     mape     rmse
7.007885 0.268146 11.63768
2024-02-03 20:12:49 - training_logger - INFO - Epoch 44.
2024-02-03 20:21:52 - training_logger - INFO - Save Model Parameters...
2024-02-03 20:21:52 - training_logger - INFO - 
Train loss
    main    mask  non_mask        curl
0.241951 0.24232  0.240842 1466.071767
Val loss
     mae     mape    rmse
6.968653 0.266393 11.3638
2024-02-03 20:21:52 - training_logger - INFO - Epoch 45.
2024-02-03 20:30:54 - training_logger - INFO - Save Model Parameters...
2024-02-03 20:30:54 - training_logger - INFO - 
Train loss
    main     mask  non_mask        curl
0.240348 0.239885  0.241736 1581.121158
Val loss
     mae     mape      rmse
6.919297 0.264757 11.506879
2024-02-03 20:30:54 - training_logger - INFO - Epoch 46.
2024-02-03 20:39:57 - training_logger - INFO - 
Train loss
    main     mask  non_mask        curl
0.240277 0.239935  0.241304 1641.481909
Val loss
     mae     mape      rmse
6.985502 0.267068 11.478386
2024-02-03 20:39:57 - training_logger - INFO - Epoch 47.
2024-02-03 20:48:56 - training_logger - INFO - 
Train loss
   main     mask  non_mask        curl
0.24093 0.240917   0.24097 1655.413635
Val loss
     mae    mape      rmse
6.966638 0.26593 11.538362
2024-02-03 20:48:56 - training_logger - INFO - Epoch 48.
2024-02-03 20:57:58 - training_logger - INFO - 
Train loss
    main     mask  non_mask        curl
0.238351 0.237494  0.240922 1797.160651
Val loss
   mae     mape      rmse
6.9686 0.266463 11.602864
2024-02-03 20:57:58 - training_logger - INFO - Epoch 49.
2024-02-03 21:07:14 - training_logger - INFO - Save Model Parameters...
2024-02-03 21:07:14 - training_logger - INFO - 
Train loss
    main     mask  non_mask        curl
0.241017 0.241585  0.239315 1813.201537
Val loss
     mae     mape      rmse
6.913431 0.264722 11.523403
2024-02-03 21:07:14 - training_logger - INFO - Training process completed.
2024-02-03 21:09:27 - training_logger - INFO - 
Test loss
      mae     mape      rmse
11.152286 0.232918 19.350756
