2024-01-23 14:22:30 - training_logger - INFO - 
       arg_name             value       source  state
      acc_steps                 4   model.json   USED
     batch_size                 1   model.json   USED
    config_file             model default.json   USED
    data_folder /home/yutong/data default.json   USED
       dim_feed                32     terminal   USED
     drop_limit               0.5 default.json   USED
      dym_graph              True   model.json   USED
         epochs                50   model.json   USED
        hid_dim                64   model.json   USED
     hid_layers                 3   model.json   USED
          k_top                 6   model.json   USED
          label              pm25   model.json   USED
             lr             0.001 default.json   USED
     mask_ratio              0.25 default.json   USED
       max_step                 4   model.json   USED
        mm_size               256   model.json   USED
          nhead                 4   model.json   USED
     non_linear              gelu   model.json   USED
    num_workers                 3   model.json   USED
prefetch_factor                 4   model.json   USED
    ring_layers                 4   model.json   USED
    s_embed_dim                 2   model.json FORCED
       st_embed            simple   model.json   USED
 step_embed_dim                 6   model.json   USED
    t_embed_dim                 8   model.json   USED
 time_embed_dim                 8   model.json   USED
        w_decay           0.00001 default.json   USED
  weight_layers                 2   model.json   USED
     which_data             large   model.json   USED
         window                24 default.json   USED
  wth_embed_dim                16   model.json   USED
2024-01-23 14:22:30 - training_logger - INFO - Device num: 1
2024-01-23 14:22:30 - training_logger - INFO - Device: cuda
2024-01-23 14:23:05 - training_logger - INFO - Starting the training process...
2024-01-23 14:23:05 - training_logger - INFO - Epoch 0.
2024-01-23 14:53:54 - training_logger - INFO - 
Train loss
    main     mask  non_mask         curl
0.222345 0.223245  0.219644 14561.781136
2024-01-23 14:53:54 - training_logger - INFO - Epoch 1.
2024-01-23 15:26:56 - training_logger - INFO - 
Train loss
   main     mask  non_mask        curl
0.18877 0.188219  0.190424 5518.617894
2024-01-23 15:26:56 - training_logger - INFO - Epoch 2.
2024-01-23 15:58:53 - training_logger - INFO - 
Train loss
    main     mask  non_mask        curl
0.169264 0.168169  0.172551 4574.982913
2024-01-23 15:58:53 - training_logger - INFO - Epoch 3.
2024-01-23 16:31:48 - training_logger - INFO - 
Train loss
    main     mask  non_mask        curl
0.160126 0.159498  0.162011 8886.347041
2024-01-23 16:31:48 - training_logger - INFO - Epoch 4.
2024-01-23 17:04:37 - training_logger - INFO - 
Train loss
    main     mask  non_mask         curl
0.157047 0.156187  0.159626 18933.167986
2024-01-23 17:04:37 - training_logger - INFO - Epoch 5.
2024-01-23 17:42:18 - training_logger - INFO - 
Train loss
    main     mask  non_mask         curl
0.155087 0.155117  0.154996 34362.021817
2024-01-23 17:42:18 - training_logger - INFO - Epoch 6.
2024-01-23 18:15:02 - training_logger - INFO - 
Train loss
    main     mask  non_mask        curl
0.151205 0.150041  0.154695 37494.69856
2024-01-23 18:15:02 - training_logger - INFO - Epoch 7.
2024-01-23 18:51:55 - training_logger - INFO - 
Train loss
    main     mask  non_mask         curl
0.150321 0.150479  0.149846 39752.314628
2024-01-23 18:51:55 - training_logger - INFO - Epoch 8.
2024-01-23 19:30:17 - training_logger - INFO - 
Train loss
    main     mask  non_mask         curl
0.150674 0.151089  0.149428 37599.331456
2024-01-23 19:30:17 - training_logger - INFO - Epoch 9.
2024-01-23 20:08:53 - training_logger - INFO - 
Train loss
    main    mask  non_mask         curl
0.147405 0.14713  0.148232 43103.571378
2024-01-23 20:08:53 - training_logger - INFO - Epoch 10.
2024-01-23 20:47:22 - training_logger - INFO - 
Train loss
    main     mask  non_mask         curl
0.148375 0.148027   0.14942 41943.593063
2024-01-23 20:47:22 - training_logger - INFO - Epoch 11.
2024-01-23 21:25:48 - training_logger - INFO - 
Train loss
    main     mask  non_mask         curl
0.142594 0.141687  0.145313 40221.674613
2024-01-23 21:25:48 - training_logger - INFO - Epoch 12.
2024-01-23 22:04:02 - training_logger - INFO - 
Train loss
    main     mask  non_mask         curl
0.143152 0.143511  0.142074 39942.587854
2024-01-23 22:04:02 - training_logger - INFO - Epoch 13.
2024-01-23 22:41:24 - training_logger - INFO - 
Train loss
    main     mask  non_mask         curl
0.142798 0.143274   0.14137 43545.338886
2024-01-23 22:41:24 - training_logger - INFO - Epoch 14.
2024-01-23 23:19:42 - training_logger - INFO - 
Train loss
    main     mask  non_mask        curl
0.140241 0.140703  0.138855 44530.55551
2024-01-23 23:19:42 - training_logger - INFO - Epoch 15.
2024-01-23 23:59:19 - training_logger - INFO - 
Train loss
    main     mask  non_mask         curl
0.139508 0.139324  0.140062 40335.269571
2024-01-23 23:59:19 - training_logger - INFO - Epoch 16.
2024-01-24 00:35:09 - training_logger - INFO - 
Train loss
    main     mask  non_mask         curl
0.137921 0.137863  0.138094 43600.768291
2024-01-24 00:35:09 - training_logger - INFO - Epoch 17.
2024-01-24 01:07:42 - training_logger - INFO - 
Train loss
    main     mask  non_mask         curl
0.137931 0.138314   0.13678 44909.039663
2024-01-24 01:07:42 - training_logger - INFO - Epoch 18.
2024-01-24 01:39:37 - training_logger - INFO - 
Train loss
    main     mask  non_mask         curl
0.138554 0.139259  0.136439 45122.424909
2024-01-24 01:39:37 - training_logger - INFO - Epoch 19.
2024-01-24 02:14:12 - training_logger - INFO - 
Train loss
   main     mask  non_mask         curl
0.13726 0.137642  0.136113 40853.896544
2024-01-24 02:14:12 - training_logger - INFO - Epoch 20.
2024-01-24 02:46:48 - training_logger - INFO - 
Train loss
    main     mask  non_mask         curl
0.135299 0.135297  0.135304 39965.172678
2024-01-24 02:46:48 - training_logger - INFO - Epoch 21.
2024-01-24 03:18:58 - training_logger - INFO - 
Train loss
    main     mask  non_mask         curl
0.132923 0.131865  0.136098 44757.355691
2024-01-24 03:18:58 - training_logger - INFO - Epoch 22.
2024-01-24 03:52:50 - training_logger - INFO - 
Train loss
    main     mask  non_mask         curl
0.132991 0.132488  0.134498 48321.003164
2024-01-24 03:52:50 - training_logger - INFO - Epoch 23.
2024-01-24 04:25:37 - training_logger - INFO - 
Train loss
    main     mask  non_mask        curl
0.134771 0.134735  0.134879 42910.49711
2024-01-24 04:25:37 - training_logger - INFO - Epoch 24.
2024-01-24 04:57:25 - training_logger - INFO - 
Train loss
    main     mask  non_mask         curl
0.133636 0.133807  0.133123 51697.501128
2024-01-24 04:57:25 - training_logger - INFO - Epoch 25.
2024-01-24 05:29:07 - training_logger - INFO - 
Train loss
    main     mask  non_mask         curl
0.132681 0.132448   0.13338 47620.961027
2024-01-24 05:29:07 - training_logger - INFO - Epoch 26.
2024-01-24 05:59:58 - training_logger - INFO - 
Train loss
  main     mask  non_mask         curl
0.1315 0.130974  0.133078 49353.073953
2024-01-24 05:59:58 - training_logger - INFO - Epoch 27.
2024-01-24 06:31:08 - training_logger - INFO - 
Train loss
    main    mask  non_mask         curl
0.131791 0.13135  0.133112 52289.521157
2024-01-24 06:31:08 - training_logger - INFO - Epoch 28.
2024-01-24 07:01:59 - training_logger - INFO - 
Train loss
    main     mask  non_mask         curl
0.132387 0.132392  0.132373 49315.127254
2024-01-24 07:01:59 - training_logger - INFO - Epoch 29.
2024-01-24 07:32:42 - training_logger - INFO - 
Train loss
    main     mask  non_mask         curl
0.132562 0.132731  0.132055 46896.511225
2024-01-24 07:32:42 - training_logger - INFO - Epoch 30.
2024-01-24 08:03:18 - training_logger - INFO - 
Train loss
   main     mask  non_mask         curl
0.13238 0.132697   0.13143 45295.369586
2024-01-24 08:03:18 - training_logger - INFO - Epoch 31.
2024-01-24 08:34:26 - training_logger - INFO - 
Train loss
    main     mask  non_mask         curl
0.131738 0.132121  0.130587 48146.807888
2024-01-24 08:34:26 - training_logger - INFO - Epoch 32.
2024-01-24 09:05:22 - training_logger - INFO - 
Train loss
    main     mask  non_mask        curl
0.131562 0.131983  0.130299 48236.49684
2024-01-24 09:05:22 - training_logger - INFO - Epoch 33.
2024-01-24 09:36:27 - training_logger - INFO - 
Train loss
    main     mask  non_mask         curl
0.132037 0.132905  0.129432 49851.451213
2024-01-24 09:36:27 - training_logger - INFO - Epoch 34.
2024-01-24 10:08:19 - training_logger - INFO - 
Train loss
    main     mask  non_mask         curl
0.131465 0.131986  0.129905 56955.972508
2024-01-24 10:08:19 - training_logger - INFO - Epoch 35.
2024-01-24 10:48:06 - training_logger - INFO - Save Model Parameters...
2024-01-24 10:48:06 - training_logger - INFO - 
Train loss
    main     mask  non_mask         curl
0.129466 0.128861  0.131281 49873.067358
Val loss
     mae     mape     rmse
5.513978 0.216356 8.791436
2024-01-24 10:48:06 - training_logger - INFO - Epoch 36.
2024-01-24 11:28:03 - training_logger - INFO - 
Train loss
    main     mask  non_mask         curl
0.129324 0.129187  0.129735 40741.899205
Val loss
     mae     mape     rmse
5.556141 0.218384 8.943545
2024-01-24 11:28:03 - training_logger - INFO - Epoch 37.
2024-01-24 12:08:35 - training_logger - INFO - Save Model Parameters...
2024-01-24 12:08:35 - training_logger - INFO - 
Train loss
    main     mask  non_mask         curl
0.128753 0.128197  0.130418 45803.913945
Val loss
    mae  mape     rmse
5.42669 0.213 8.795574
2024-01-24 12:08:35 - training_logger - INFO - Epoch 38.
2024-01-24 12:48:32 - training_logger - INFO - Save Model Parameters...
2024-01-24 12:48:32 - training_logger - INFO - 
Train loss
    main     mask  non_mask         curl
0.127612 0.126844  0.129916 44287.852552
Val loss
     mae     mape     rmse
5.421887 0.213086 8.918287
2024-01-24 12:48:32 - training_logger - INFO - Epoch 39.
2024-01-24 13:28:14 - training_logger - INFO - 
Train loss
    main     mask  non_mask         curl
0.128649 0.128454  0.129233 50580.852677
Val loss
     mae    mape     rmse
5.500538 0.21624 8.740959
2024-01-24 13:28:14 - training_logger - INFO - Epoch 40.
2024-01-24 14:07:42 - training_logger - INFO - Save Model Parameters...
2024-01-24 14:07:42 - training_logger - INFO - 
Train loss
    main     mask  non_mask         curl
0.127026 0.127178  0.126569 51285.754026
Val loss
     mae     mape     rmse
5.403077 0.212291 8.521054
2024-01-24 14:07:42 - training_logger - INFO - Epoch 41.
2024-01-24 14:48:03 - training_logger - INFO - 
Train loss
    main     mask  non_mask         curl
0.125836 0.125945  0.125507 47521.952937
Val loss
     mae     mape     rmse
5.462392 0.214365 8.905867
2024-01-24 14:48:03 - training_logger - INFO - Epoch 42.
2024-01-24 15:27:29 - training_logger - INFO - Save Model Parameters...
2024-01-24 15:27:29 - training_logger - INFO - 
Train loss
    main     mask  non_mask         curl
0.125511 0.125553  0.125383 46588.061045
Val loss
     mae     mape     rmse
5.393386 0.212149 8.830569
2024-01-24 15:27:29 - training_logger - INFO - Epoch 43.
2024-01-24 16:07:40 - training_logger - INFO - Save Model Parameters...
2024-01-24 16:07:40 - training_logger - INFO - 
Train loss
    main     mask  non_mask         curl
0.124532 0.124329  0.125143 44897.537987
Val loss
     mae     mape     rmse
5.381639 0.211494 8.618552
2024-01-24 16:07:40 - training_logger - INFO - Epoch 44.
2024-01-24 16:48:28 - training_logger - INFO - 
Train loss
    main     mask  non_mask         curl
0.125777 0.126222  0.124443 44376.265338
Val loss
     mae     mape     rmse
5.383765 0.211739 8.597061
2024-01-24 16:48:28 - training_logger - INFO - Epoch 45.
2024-01-24 17:27:48 - training_logger - INFO - 
Train loss
    main     mask  non_mask         curl
0.123706 0.123193  0.125244 43280.647239
Val loss
    mae     mape     rmse
5.38976 0.211556 8.636422
2024-01-24 17:27:48 - training_logger - INFO - Epoch 46.
2024-01-24 18:09:15 - training_logger - INFO - 
Train loss
    main     mask  non_mask         curl
0.125848 0.126286  0.124536 42602.132468
Val loss
     mae     mape     rmse
5.437198 0.213804 8.766388
2024-01-24 18:09:15 - training_logger - INFO - Epoch 47.
2024-01-24 18:49:54 - training_logger - INFO - 
Train loss
    main     mask  non_mask         curl
0.124837 0.125098  0.124057 45303.581351
Val loss
     mae    mape     rmse
5.464647 0.21415 8.921953
2024-01-24 18:49:54 - training_logger - INFO - Epoch 48.
2024-01-24 19:29:03 - training_logger - INFO - 
Train loss
    main     mask  non_mask         curl
0.124089 0.123937  0.124545 48723.017469
Val loss
     mae     mape     rmse
5.385575 0.211834 8.537579
2024-01-24 19:29:03 - training_logger - INFO - Epoch 49.
2024-01-24 20:09:04 - training_logger - INFO - 
Train loss
    main     mask  non_mask        curl
0.124508 0.124565  0.124339 47115.60918
Val loss
     mae    mape     rmse
5.390725 0.21172 8.715088
2024-01-24 20:09:04 - training_logger - INFO - Training process completed.
2024-01-24 20:16:18 - training_logger - INFO - 
Test loss
    mae     mape      rmse
7.49919 0.166248 12.508261
