2024-02-04 17:58:25 - training_logger - INFO - 
       arg_name                   value       source  state
      acc_steps                       1   model.json   USED
     batch_size                      16   model.json   USED
    config_file                   model default.json   USED
    data_folder /home/user/data/air2018 default.json   USED
       dim_feed                      64   model.json   USED
     drop_limit                     0.5 default.json   USED
      dym_graph                    True   model.json   USED
         epochs                      50   model.json   USED
        hid_dim                      64   model.json   USED
     hid_layers                       2   model.json   USED
          k_top                       6   model.json   USED
          label                    pm25   model.json   USED
             lr                   0.001 default.json   USED
     mask_ratio                    0.25 default.json   USED
       max_step                       8     terminal   USED
        mm_size                       0   model.json   USED
          nhead                       1   model.json   USED
     non_linear                    gelu   model.json   USED
    num_workers                       4   model.json   USED
prefetch_factor                       2   model.json   USED
    ring_layers                       3   model.json   USED
    s_embed_dim                       2   model.json FORCED
      skip_step                       4 default.json   USED
       st_embed                  simple   model.json   USED
 step_embed_dim                       6   model.json   USED
    t_embed_dim                       8   model.json   USED
 time_embed_dim                       8   model.json   USED
        w_decay                 0.00001 default.json   USED
  weight_layers                       3   model.json   USED
     which_data                   large   model.json   USED
         window                       6 default.json   USED
  wth_embed_dim                      16   model.json   USED
2024-02-04 17:58:25 - training_logger - INFO - Device num: 1
2024-02-04 17:58:25 - training_logger - INFO - Device: cuda
2024-02-04 17:58:40 - training_logger - INFO - Starting the training process...
2024-02-04 17:58:40 - training_logger - INFO - Epoch 0.
2024-02-04 18:06:37 - training_logger - INFO - 
Train loss
    main     mask  non_mask          curl
0.681236 0.681749  0.679696 110071.910413
2024-02-04 18:06:37 - training_logger - INFO - Epoch 1.
2024-02-04 18:14:31 - training_logger - INFO - 
Train loss
    main     mask  non_mask        curl
0.275189 0.274766  0.276459 89983.71051
2024-02-04 18:14:31 - training_logger - INFO - Epoch 2.
2024-02-04 18:22:35 - training_logger - INFO - 
Train loss
    main     mask  non_mask         curl
0.272403 0.272468  0.272209 75541.383041
2024-02-04 18:22:35 - training_logger - INFO - Epoch 3.
2024-02-04 18:30:23 - training_logger - INFO - 
Train loss
    main     mask  non_mask        curl
0.269528 0.269383  0.269963 64323.66412
2024-02-04 18:30:23 - training_logger - INFO - Epoch 4.
2024-02-04 18:38:23 - training_logger - INFO - 
Train loss
    main     mask  non_mask         curl
0.268077 0.268253  0.267549 55062.741389
2024-02-04 18:38:23 - training_logger - INFO - Epoch 5.
2024-02-04 18:46:24 - training_logger - INFO - 
Train loss
    main     mask  non_mask         curl
0.269013 0.269895  0.266368 47452.878521
2024-02-04 18:46:24 - training_logger - INFO - Epoch 6.
2024-02-04 18:54:18 - training_logger - INFO - 
Train loss
    main     mask  non_mask         curl
0.265518 0.264891  0.267401 41079.012617
2024-02-04 18:54:18 - training_logger - INFO - Epoch 7.
2024-02-04 19:02:14 - training_logger - INFO - 
Train loss
    main     mask  non_mask         curl
0.265275 0.264889  0.266432 35880.768483
2024-02-04 19:02:14 - training_logger - INFO - Epoch 8.
2024-02-04 19:10:11 - training_logger - INFO - 
Train loss
    main     mask  non_mask         curl
0.266871 0.267396  0.265294 31521.214908
2024-02-04 19:10:11 - training_logger - INFO - Epoch 9.
2024-02-04 19:18:13 - training_logger - INFO - 
Train loss
    main     mask  non_mask         curl
0.264327 0.263802  0.265901 27931.188177
2024-02-04 19:18:13 - training_logger - INFO - Epoch 10.
2024-02-04 19:26:03 - training_logger - INFO - 
Train loss
    main     mask  non_mask         curl
0.263702 0.262449  0.267462 24786.560205
2024-02-04 19:26:03 - training_logger - INFO - Epoch 11.
2024-02-04 19:33:55 - training_logger - INFO - 
Train loss
    main     mask  non_mask         curl
0.265611 0.266068  0.264241 22204.172424
2024-02-04 19:33:55 - training_logger - INFO - Epoch 12.
2024-02-04 19:41:50 - training_logger - INFO - 
Train loss
    main     mask  non_mask        curl
0.263882 0.263529  0.264942 19880.34216
2024-02-04 19:41:50 - training_logger - INFO - Epoch 13.
2024-02-04 19:49:44 - training_logger - INFO - 
Train loss
    main    mask  non_mask         curl
0.261708 0.26032  0.265873 18355.660228
2024-02-04 19:49:44 - training_logger - INFO - Epoch 14.
2024-02-04 19:57:35 - training_logger - INFO - 
Train loss
    main     mask  non_mask         curl
0.265613 0.266236  0.263746 16671.841629
2024-02-04 19:57:35 - training_logger - INFO - Epoch 15.
2024-02-04 20:05:31 - training_logger - INFO - 
Train loss
    main     mask  non_mask        curl
0.263872 0.263586  0.264731 15270.22519
2024-02-04 20:05:31 - training_logger - INFO - Epoch 16.
2024-02-04 20:13:28 - training_logger - INFO - 
Train loss
    main     mask  non_mask         curl
0.264486 0.264862  0.263357 13709.609603
2024-02-04 20:13:28 - training_logger - INFO - Epoch 17.
2024-02-04 20:21:24 - training_logger - INFO - 
Train loss
    main     mask  non_mask         curl
0.262608 0.262151  0.263978 12727.910231
2024-02-04 20:21:24 - training_logger - INFO - Epoch 18.
2024-02-04 20:29:23 - training_logger - INFO - 
Train loss
    main     mask  non_mask         curl
0.264279 0.264396  0.263928 11741.354645
2024-02-04 20:29:23 - training_logger - INFO - Epoch 19.
2024-02-04 20:37:17 - training_logger - INFO - 
Train loss
    main     mask  non_mask         curl
0.262493 0.262133   0.26357 10782.857614
2024-02-04 20:37:17 - training_logger - INFO - Epoch 20.
2024-02-04 20:45:15 - training_logger - INFO - 
Train loss
    main     mask  non_mask        curl
0.266245 0.267963  0.261091 9929.880681
2024-02-04 20:45:15 - training_logger - INFO - Epoch 21.
2024-02-04 20:53:16 - training_logger - INFO - 
Train loss
    main     mask  non_mask        curl
0.261994 0.261524  0.263405 8736.956377
2024-02-04 20:53:16 - training_logger - INFO - Epoch 22.
2024-02-04 21:01:12 - training_logger - INFO - 
Train loss
    main     mask  non_mask        curl
0.262792 0.263055  0.262002 7729.323262
2024-02-04 21:01:12 - training_logger - INFO - Epoch 23.
2024-02-04 21:09:08 - training_logger - INFO - 
Train loss
    main     mask  non_mask        curl
0.262466 0.262403  0.262657 7004.818019
2024-02-04 21:09:08 - training_logger - INFO - Epoch 24.
2024-02-04 21:17:03 - training_logger - INFO - 
Train loss
    main     mask  non_mask        curl
0.263254 0.263867  0.261414 6383.832042
2024-02-04 21:17:03 - training_logger - INFO - Epoch 25.
2024-02-04 21:25:04 - training_logger - INFO - 
Train loss
    main     mask  non_mask        curl
0.262988 0.263441  0.261631 5564.210171
2024-02-04 21:25:04 - training_logger - INFO - Epoch 26.
2024-02-04 21:32:59 - training_logger - INFO - 
Train loss
    main     mask  non_mask        curl
0.262149 0.262339   0.26158 4827.669354
2024-02-04 21:32:59 - training_logger - INFO - Epoch 27.
2024-02-04 21:40:54 - training_logger - INFO - 
Train loss
    main    mask  non_mask       curl
0.260424 0.25987  0.262088 4174.14949
2024-02-04 21:40:54 - training_logger - INFO - Epoch 28.
2024-02-04 21:48:50 - training_logger - INFO - 
Train loss
    main     mask  non_mask        curl
0.260232 0.259419  0.262668 3663.134579
2024-02-04 21:48:50 - training_logger - INFO - Epoch 29.
2024-02-04 21:56:48 - training_logger - INFO - 
Train loss
    main     mask  non_mask        curl
0.259561 0.258645  0.262311 2895.276765
2024-02-04 21:56:48 - training_logger - INFO - Epoch 30.
2024-02-04 22:04:40 - training_logger - INFO - 
Train loss
    main     mask  non_mask        curl
0.259448 0.258613  0.261956 2347.649852
2024-02-04 22:04:40 - training_logger - INFO - Epoch 31.
2024-02-04 22:12:33 - training_logger - INFO - 
Train loss
    main     mask  non_mask        curl
0.257879 0.256711  0.261382 2098.635537
2024-02-04 22:12:33 - training_logger - INFO - Epoch 32.
2024-02-04 22:20:28 - training_logger - INFO - 
Train loss
    main     mask  non_mask        curl
0.260334 0.260201  0.260733 1609.972187
2024-02-04 22:20:28 - training_logger - INFO - Epoch 33.
2024-02-04 22:28:19 - training_logger - INFO - 
Train loss
    main     mask  non_mask        curl
0.259468 0.259196  0.260285 1416.017546
2024-02-04 22:28:19 - training_logger - INFO - Epoch 34.
2024-02-04 22:36:11 - training_logger - INFO - 
Train loss
    main     mask  non_mask        curl
0.258766 0.258438  0.259751 1114.442939
2024-02-04 22:36:11 - training_logger - INFO - Epoch 35.
2024-02-04 22:46:24 - training_logger - INFO - Save Model Parameters...
2024-02-04 22:46:24 - training_logger - INFO - 
Train loss
    main     mask  non_mask      curl
0.261699 0.262814  0.258354 931.26137
Val loss
     mae     mape      rmse
7.224229 0.276495 12.076928
2024-02-04 22:46:24 - training_logger - INFO - Epoch 36.
2024-02-04 22:56:39 - training_logger - INFO - 
Train loss
    main     mask  non_mask       curl
0.256767 0.256465  0.257673 771.601634
Val loss
     mae     mape      rmse
7.320877 0.280463 12.038957
2024-02-04 22:56:39 - training_logger - INFO - Epoch 37.
2024-02-04 23:06:52 - training_logger - INFO - 
Train loss
    main     mask  non_mask       curl
0.259026 0.259748  0.256862 663.049158
Val loss
     mae     mape      rmse
7.262761 0.277565 12.089011
2024-02-04 23:06:52 - training_logger - INFO - Epoch 38.
2024-02-04 23:17:05 - training_logger - INFO - 
Train loss
    main     mask  non_mask       curl
0.255396 0.255209  0.255958 533.122698
Val loss
     mae     mape      rmse
7.294971 0.278955 12.014142
2024-02-04 23:17:05 - training_logger - INFO - Epoch 39.
2024-02-04 23:27:20 - training_logger - INFO - 
Train loss
    main     mask  non_mask       curl
0.255312 0.255578  0.254514 449.601185
Val loss
     mae     mape      rmse
7.264152 0.277842 11.927531
2024-02-04 23:27:20 - training_logger - INFO - Epoch 40.
2024-02-04 23:37:32 - training_logger - INFO - 
Train loss
    main     mask  non_mask       curl
0.253425 0.253641  0.252777 446.621377
Val loss
     mae     mape      rmse
7.238405 0.276444 12.035435
2024-02-04 23:37:32 - training_logger - INFO - Epoch 41.
2024-02-04 23:47:44 - training_logger - INFO - 
Train loss
    main     mask  non_mask       curl
0.252875 0.252965  0.252603 470.985979
Val loss
     mae    mape      rmse
7.277868 0.27811 11.992422
2024-02-04 23:47:44 - training_logger - INFO - Epoch 42.
2024-02-04 23:58:00 - training_logger - INFO - 
Train loss
   main    mask  non_mask       curl
0.25058 0.25009  0.252052 466.435626
Val loss
     mae     mape      rmse
7.257521 0.277084 12.112493
2024-02-04 23:58:00 - training_logger - INFO - Epoch 43.
2024-02-05 00:08:13 - training_logger - INFO - 
Train loss
    main     mask  non_mask       curl
0.249351 0.248324  0.252433 461.236113
Val loss
     mae    mape      rmse
7.227913 0.27563 11.889574
2024-02-05 00:08:13 - training_logger - INFO - Epoch 44.
2024-02-05 00:18:27 - training_logger - INFO - Save Model Parameters...
2024-02-05 00:18:27 - training_logger - INFO - 
Train loss
    main    mask  non_mask       curl
0.249726 0.24952  0.250342 477.202176
Val loss
     mae     mape      rmse
7.208269 0.276556 11.736674
2024-02-05 00:18:27 - training_logger - INFO - Epoch 45.
2024-02-05 00:28:41 - training_logger - INFO - 
Train loss
    main     mask  non_mask       curl
0.248496 0.247811   0.25055 434.429571
Val loss
    mae     mape      rmse
7.32207 0.280913 11.951396
2024-02-05 00:28:41 - training_logger - INFO - Epoch 46.
2024-02-05 00:38:52 - training_logger - INFO - Save Model Parameters...
2024-02-05 00:38:52 - training_logger - INFO - 
Train loss
    main     mask  non_mask       curl
0.250234 0.250358   0.24986 406.570088
Val loss
     mae     mape      rmse
7.178347 0.274181 11.781731
2024-02-05 00:38:52 - training_logger - INFO - Epoch 47.
2024-02-05 00:49:04 - training_logger - INFO - 
Train loss
    main     mask  non_mask       curl
0.249318 0.249454   0.24891 367.570839
Val loss
     mae     mape      rmse
7.228211 0.277097 11.907895
2024-02-05 00:49:04 - training_logger - INFO - Epoch 48.
2024-02-05 00:59:12 - training_logger - INFO - 
Train loss
    main     mask  non_mask       curl
0.249566 0.249948   0.24842 337.172487
Val loss
     mae     mape      rmse
7.260768 0.277076 11.854408
2024-02-05 00:59:12 - training_logger - INFO - Epoch 49.
2024-02-05 01:09:34 - training_logger - INFO - 
Train loss
    main     mask  non_mask       curl
0.247883 0.247649  0.248585 323.413467
Val loss
     mae     mape      rmse
7.249732 0.276847 11.977714
2024-02-05 01:09:34 - training_logger - INFO - Training process completed.
2024-02-05 01:11:46 - training_logger - INFO - 
Test loss
      mae     mape      rmse
11.517533 0.240132 20.086539
