2024-01-22 09:39:14 - training_logger - INFO - 
       arg_name             value       source  state
      acc_steps                 4   model.json   USED
     batch_size                 1   model.json   USED
    config_file             model default.json   USED
    data_folder /home/yutong/data default.json   USED
       dim_feed                16     terminal   USED
     drop_limit               0.5 default.json   USED
      dym_graph              True   model.json   USED
         epochs                50   model.json   USED
        hid_dim                64   model.json   USED
     hid_layers                 3   model.json   USED
          k_top                 6   model.json   USED
          label              pm25   model.json   USED
             lr             0.001 default.json   USED
     mask_ratio              0.25 default.json   USED
       max_step                 4   model.json   USED
        mm_size               256   model.json   USED
          nhead                 4   model.json   USED
     non_linear              gelu   model.json   USED
    num_workers                 3   model.json   USED
prefetch_factor                 4   model.json   USED
    ring_layers                 4   model.json   USED
    s_embed_dim                 2   model.json FORCED
       st_embed            simple   model.json   USED
 step_embed_dim                 6   model.json   USED
    t_embed_dim                 8   model.json   USED
 time_embed_dim                 8   model.json   USED
        w_decay           0.00001 default.json   USED
  weight_layers                 2   model.json   USED
     which_data             large   model.json   USED
         window                24 default.json   USED
  wth_embed_dim                16   model.json   USED
2024-01-22 09:39:14 - training_logger - INFO - Device num: 1
2024-01-22 09:39:14 - training_logger - INFO - Device: cuda
2024-01-22 09:39:57 - training_logger - INFO - Starting the training process...
2024-01-22 09:39:57 - training_logger - INFO - Epoch 0.
2024-01-22 10:14:54 - training_logger - INFO - 
Train loss
    main    mask  non_mask         curl
0.218312 0.21842  0.217988 36687.032345
2024-01-22 10:14:54 - training_logger - INFO - Epoch 1.
2024-01-22 10:50:13 - training_logger - INFO - 
Train loss
    main     mask  non_mask         curl
0.178892 0.179935   0.17576 10248.390378
2024-01-22 10:50:13 - training_logger - INFO - Epoch 2.
2024-01-22 11:25:43 - training_logger - INFO - 
Train loss
    main     mask  non_mask        curl
0.162901 0.162925  0.162827 9775.932179
2024-01-22 11:25:43 - training_logger - INFO - Epoch 3.
2024-01-22 11:59:58 - training_logger - INFO - 
Train loss
   main     mask  non_mask         curl
0.16075 0.161292  0.159125 13173.477677
2024-01-22 11:59:58 - training_logger - INFO - Epoch 4.
2024-01-22 12:33:09 - training_logger - INFO - 
Train loss
    main     mask  non_mask         curl
0.153814 0.153188  0.155692 21794.238847
2024-01-22 12:33:09 - training_logger - INFO - Epoch 5.
2024-01-22 13:06:59 - training_logger - INFO - 
Train loss
    main     mask  non_mask         curl
0.151271 0.150292  0.154207 33902.785016
2024-01-22 13:06:59 - training_logger - INFO - Epoch 6.
2024-01-22 13:40:40 - training_logger - INFO - 
Train loss
    main     mask  non_mask         curl
0.151978 0.151807   0.15249 54252.808437
2024-01-22 13:40:40 - training_logger - INFO - Epoch 7.
2024-01-22 14:14:44 - training_logger - INFO - 
Train loss
    main     mask  non_mask         curl
0.147622 0.146787  0.150127 69542.149495
2024-01-22 14:14:44 - training_logger - INFO - Epoch 8.
2024-01-22 14:48:58 - training_logger - INFO - 
Train loss
    main     mask  non_mask         curl
0.145416 0.145218  0.146008 64495.519702
2024-01-22 14:48:58 - training_logger - INFO - Epoch 9.
2024-01-22 15:23:28 - training_logger - INFO - 
Train loss
   main     mask  non_mask         curl
0.14309 0.142582  0.144613 65100.866969
2024-01-22 15:23:28 - training_logger - INFO - Epoch 10.
2024-01-22 15:57:19 - training_logger - INFO - 
Train loss
    main     mask  non_mask        curl
0.141434 0.140558  0.144061 62397.36886
2024-01-22 15:57:19 - training_logger - INFO - Epoch 11.
2024-01-22 16:30:27 - training_logger - INFO - 
Train loss
    main     mask  non_mask       curl
0.142215 0.142204  0.142247 63841.7139
2024-01-22 16:30:27 - training_logger - INFO - Epoch 12.
2024-01-22 17:03:03 - training_logger - INFO - 
Train loss
    main    mask  non_mask         curl
0.141633 0.14177  0.141221 69649.555036
2024-01-22 17:03:03 - training_logger - INFO - Epoch 13.
2024-01-22 17:34:41 - training_logger - INFO - 
Train loss
    main     mask  non_mask         curl
0.137798 0.137283  0.139343 80253.538227
2024-01-22 17:34:41 - training_logger - INFO - Epoch 14.
2024-01-22 18:05:46 - training_logger - INFO - 
Train loss
   main     mask  non_mask         curl
0.13811 0.138389  0.137274 84392.949481
2024-01-22 18:05:46 - training_logger - INFO - Epoch 15.
2024-01-22 18:36:28 - training_logger - INFO - 
Train loss
    main     mask  non_mask         curl
0.137918 0.137812  0.138235 82521.988756
2024-01-22 18:36:28 - training_logger - INFO - Epoch 16.
2024-01-22 19:08:23 - training_logger - INFO - 
Train loss
    main     mask  non_mask         curl
0.137755 0.137917  0.137266 97716.181349
2024-01-22 19:08:23 - training_logger - INFO - Epoch 17.
2024-01-22 19:40:09 - training_logger - INFO - 
Train loss
    main     mask  non_mask         curl
0.137901 0.138618  0.135748 97863.108589
2024-01-22 19:40:09 - training_logger - INFO - Epoch 18.
2024-01-22 20:11:19 - training_logger - INFO - 
Train loss
    main     mask  non_mask          curl
0.134351 0.133504  0.136895 100096.015552
2024-01-22 20:11:19 - training_logger - INFO - Epoch 19.
2024-01-22 20:42:35 - training_logger - INFO - 
Train loss
    main     mask  non_mask          curl
0.133954 0.133503  0.135308 100333.686553
2024-01-22 20:42:35 - training_logger - INFO - Epoch 20.
2024-01-22 21:13:28 - training_logger - INFO - 
Train loss
    main     mask  non_mask         curl
0.136171 0.136571  0.134971 98952.575653
2024-01-22 21:13:28 - training_logger - INFO - Epoch 21.
2024-01-22 21:44:40 - training_logger - INFO - 
Train loss
   main     mask  non_mask         curl
0.13417 0.134214  0.134036 89432.311158
2024-01-22 21:44:40 - training_logger - INFO - Epoch 22.
2024-01-22 22:15:58 - training_logger - INFO - 
Train loss
    main     mask  non_mask         curl
0.132482 0.132182  0.133384 99777.749956
2024-01-22 22:15:58 - training_logger - INFO - Epoch 23.
2024-01-22 22:48:13 - training_logger - INFO - 
Train loss
    main     mask  non_mask          curl
0.132781 0.132681  0.133081 101798.261508
2024-01-22 22:48:13 - training_logger - INFO - Epoch 24.
2024-01-22 23:20:25 - training_logger - INFO - 
Train loss
    main     mask  non_mask         curl
0.132184 0.132175   0.13221 95840.915865
2024-01-22 23:20:25 - training_logger - INFO - Epoch 25.
2024-01-22 23:52:31 - training_logger - INFO - 
Train loss
    main     mask  non_mask         curl
0.131388 0.131037  0.132439 99904.757443
2024-01-22 23:52:31 - training_logger - INFO - Epoch 26.
2024-01-23 00:24:51 - training_logger - INFO - 
Train loss
    main     mask  non_mask         curl
0.135128 0.136026  0.132434 99086.939556
2024-01-23 00:24:51 - training_logger - INFO - Epoch 27.
2024-01-23 00:57:01 - training_logger - INFO - 
Train loss
    main     mask  non_mask         curl
0.130402 0.129704  0.132497 105014.43723
2024-01-23 00:57:01 - training_logger - INFO - Epoch 28.
2024-01-23 01:27:50 - training_logger - INFO - 
Train loss
    main     mask  non_mask          curl
0.132191 0.132539  0.131148 109663.659507
2024-01-23 01:27:50 - training_logger - INFO - Epoch 29.
2024-01-23 01:58:48 - training_logger - INFO - 
Train loss
   main    mask  non_mask          curl
0.13253 0.13297   0.13121 103572.832849
2024-01-23 01:58:48 - training_logger - INFO - Epoch 30.
2024-01-23 02:29:53 - training_logger - INFO - 
Train loss
   main     mask  non_mask          curl
0.13016 0.129708  0.131518 110785.916775
2024-01-23 02:29:53 - training_logger - INFO - Epoch 31.
2024-01-23 03:00:24 - training_logger - INFO - 
Train loss
    main     mask  non_mask          curl
0.131414 0.132056  0.129487 121104.524448
2024-01-23 03:00:24 - training_logger - INFO - Epoch 32.
2024-01-23 03:31:21 - training_logger - INFO - 
Train loss
    main     mask  non_mask          curl
0.132829 0.133744  0.130085 123473.154163
2024-01-23 03:31:21 - training_logger - INFO - Epoch 33.
2024-01-23 04:02:36 - training_logger - INFO - 
Train loss
    main     mask  non_mask          curl
0.130778 0.131335  0.129107 122116.712891
2024-01-23 04:02:36 - training_logger - INFO - Epoch 34.
2024-01-23 04:33:50 - training_logger - INFO - 
Train loss
    main     mask  non_mask          curl
0.128438 0.128029  0.129666 124428.078558
2024-01-23 04:33:50 - training_logger - INFO - Epoch 35.
2024-01-23 05:12:14 - training_logger - INFO - Save Model Parameters...
2024-01-23 05:12:14 - training_logger - INFO - 
Train loss
    main     mask  non_mask          curl
0.131501 0.132112  0.129666 129725.116621
Val loss
     mae     mape     rmse
5.716999 0.224304 9.001938
2024-01-23 05:12:14 - training_logger - INFO - Epoch 36.
2024-01-23 05:50:45 - training_logger - INFO - Save Model Parameters...
2024-01-23 05:50:45 - training_logger - INFO - 
Train loss
    main     mask  non_mask          curl
0.129231 0.129115  0.129579 128994.967373
Val loss
     mae     mape     rmse
5.700476 0.223918 9.100458
2024-01-23 05:50:45 - training_logger - INFO - Epoch 37.
2024-01-23 06:29:24 - training_logger - INFO - Save Model Parameters...
2024-01-23 06:29:24 - training_logger - INFO - 
Train loss
   main     mask  non_mask          curl
0.12794 0.126948  0.130914 133712.623666
Val loss
     mae     mape     rmse
5.695109 0.223145 9.118028
2024-01-23 06:29:24 - training_logger - INFO - Epoch 38.
2024-01-23 07:08:15 - training_logger - INFO - 
Train loss
    main     mask  non_mask         curl
0.128909 0.128852  0.129081 119404.24591
Val loss
    mae     mape     rmse
5.78324 0.226921 9.130784
2024-01-23 07:08:15 - training_logger - INFO - Epoch 39.
2024-01-23 07:46:44 - training_logger - INFO - Save Model Parameters...
2024-01-23 07:46:44 - training_logger - INFO - 
Train loss
   main     mask  non_mask          curl
0.12893 0.128867  0.129117 131668.248285
Val loss
     mae     mape     rmse
5.599129 0.219508 8.970897
2024-01-23 07:46:44 - training_logger - INFO - Epoch 40.
2024-01-23 08:24:59 - training_logger - INFO - 
Train loss
    main     mask  non_mask          curl
0.124491 0.123799  0.126566 130263.951828
Val loss
     mae     mape    rmse
5.646853 0.221694 8.98873
2024-01-23 08:24:59 - training_logger - INFO - Epoch 41.
2024-01-23 09:02:47 - training_logger - INFO - Save Model Parameters...
2024-01-23 09:02:47 - training_logger - INFO - 
Train loss
   main     mask  non_mask          curl
0.12575 0.126001  0.124996 131613.420413
Val loss
     mae     mape     rmse
5.587581 0.219636 8.809443
2024-01-23 09:02:47 - training_logger - INFO - Epoch 42.
2024-01-23 09:40:19 - training_logger - INFO - Save Model Parameters...
2024-01-23 09:40:19 - training_logger - INFO - 
Train loss
   main     mask  non_mask          curl
0.12573 0.126019  0.124862 127186.817044
Val loss
     mae     mape     rmse
5.516311 0.216865 8.823147
2024-01-23 09:40:19 - training_logger - INFO - Epoch 43.
2024-01-23 10:18:28 - training_logger - INFO - 
Train loss
   main    mask  non_mask         curl
0.12502 0.12497   0.12517 125673.96997
Val loss
     mae     mape     rmse
5.527661 0.217069 8.842152
2024-01-23 10:18:28 - training_logger - INFO - Epoch 44.
2024-01-23 10:59:13 - training_logger - INFO - 
Train loss
    main    mask  non_mask          curl
0.125473 0.12587  0.124282 119990.356007
Val loss
     mae     mape    rmse
5.547841 0.217935 8.88844
2024-01-23 10:59:13 - training_logger - INFO - Epoch 45.
2024-01-23 11:38:20 - training_logger - INFO - 
Train loss
    main     mask  non_mask          curl
0.122848 0.122083  0.125141 120626.884445
Val loss
     mae     mape     rmse
5.584982 0.219032 8.856747
2024-01-23 11:38:20 - training_logger - INFO - Epoch 46.
2024-01-23 12:17:58 - training_logger - INFO - 
Train loss
    main     mask  non_mask          curl
0.124735 0.124677  0.124906 131638.853219
Val loss
     mae     mape     rmse
5.559468 0.218143 8.680017
2024-01-23 12:17:58 - training_logger - INFO - Epoch 47.
2024-01-23 12:56:38 - training_logger - INFO - 
Train loss
    main    mask  non_mask          curl
0.126169 0.12685  0.124124 136574.685355
Val loss
     mae     mape     rmse
5.573411 0.219109 8.986335
2024-01-23 12:56:38 - training_logger - INFO - Epoch 48.
2024-01-23 13:37:14 - training_logger - INFO - 
Train loss
    main     mask  non_mask          curl
0.122953 0.122438  0.124498 134113.655956
Val loss
     mae     mape     rmse
5.606078 0.219907 8.894703
2024-01-23 13:37:14 - training_logger - INFO - Epoch 49.
2024-01-23 14:15:32 - training_logger - INFO - 
Train loss
    main    mask  non_mask          curl
0.124213 0.12454  0.123231 138171.255204
Val loss
    mae     mape     rmse
5.52987 0.216923 8.812128
2024-01-23 14:15:32 - training_logger - INFO - Training process completed.
2024-01-23 14:22:25 - training_logger - INFO - 
Test loss
     mae     mape      rmse
7.931322 0.173941 13.150767
